#
# There is insufficient memory for the Java Runtime Environment to continue.
# Native memory allocation (malloc) failed to allocate 134217728 bytes for committing reserved memory.
# Possible reasons:
#   The system is out of physical RAM or swap space
#   In 32 bit mode, the process size limit was hit
# Possible solutions:
#   Reduce memory load on the system
#   Increase physical memory or swap space
#   Check if swap backing store is full
#   Use 64 bit Java on a 64 bit OS
#   Decrease Java heap size (-Xmx/-Xms)
#   Decrease number of Java threads
#   Decrease Java thread stack sizes (-Xss)
#   Set larger code cache with -XX:ReservedCodeCacheSize=
# This output file may be truncated or incomplete.
#
#  Out of Memory Error (os_linux.cpp:2827), pid=21104, tid=140737117824768
#
# JRE version: OpenJDK Runtime Environment (7.0_91-b02) (build 1.7.0_91-b02)
# Java VM: OpenJDK 64-Bit Server VM (24.91-b01 mixed mode linux-amd64 compressed oops)
# Derivative: IcedTea 2.6.3
# Distribution: Custom build (Sun Dec  6 22:58:56 AEST 2015)
# Failed to write core dump. Core dumps have been disabled. To enable core dumping, try "ulimit -c unlimited" before starting Java again
#

---------------  T H R E A D  ---------------

Current thread (0x00007ffff0074000):  VMThread [stack: 0x00007fffe9da2000,0x00007fffe9ea3000] [id=21124]

Stack: [0x00007fffe9da2000,0x00007fffe9ea3000],  sp=0x00007fffe9ea14f0,  free space=1021k
Native frames: (J=compiled Java code, j=interpreted, Vv=VM code, C=native code)
V  [libjvm.so+0x993f93]
V  [libjvm.so+0x48a62f]
V  [libjvm.so+0x800c8b]
V  [libjvm.so+0x7fb0fe]
V  [libjvm.so+0x87155b]
V  [libjvm.so+0x872ea3]
V  [libjvm.so+0x86f128]
V  [libjvm.so+0x86f40c]
V  [libjvm.so+0x8245b3]
V  [libjvm.so+0x995a32]
V  [libjvm.so+0x99a777]
V  [libjvm.so+0x998008]
V  [libjvm.so+0x99937f]
V  [libjvm.so+0x999871]
V  [libjvm.so+0x7fdbc2]

VM_Operation (0x00007ffff7fbc840): ParallelGCFailedAllocation, mode: safepoint, requested by thread 0x00007ffff0009000


---------------  P R O C E S S  ---------------

Java Threads: ( => current thread )
  0x00007ffff0191800 JavaThread "pool-1-thread-4" [_thread_blocked, id=21185, stack(0x00007fffb798c000,0x00007fffb7a8d000)]
  0x00007ffff0190000 JavaThread "pool-1-thread-3" [_thread_blocked, id=21184, stack(0x00007fffb7a8d000,0x00007fffb7b8e000)]
  0x00007ffff018e800 JavaThread "pool-1-thread-2" [_thread_blocked, id=21180, stack(0x00007fffb7b8e000,0x00007fffb7c8f000)]
  0x00007ffff018d800 JavaThread "pool-2-thread-1" [_thread_blocked, id=21168, stack(0x00007fffb7c8f000,0x00007fffb7d90000)]
  0x00007ffff018c000 JavaThread "pool-1-thread-1" [_thread_blocked, id=21167, stack(0x00007fffe8064000,0x00007fffe8165000)]
  0x00007ffff00af000 JavaThread "Service Thread" daemon [_thread_blocked, id=21148, stack(0x00007fffe960e000,0x00007fffe970f000)]
  0x00007ffff00ac800 JavaThread "C2 CompilerThread1" daemon [_thread_blocked, id=21147, stack(0x00007fffe970f000,0x00007fffe9810000)]
  0x00007ffff00a9800 JavaThread "C2 CompilerThread0" daemon [_thread_blocked, id=21146, stack(0x00007fffe9810000,0x00007fffe9911000)]
  0x00007ffff00a7800 JavaThread "Signal Dispatcher" daemon [_thread_blocked, id=21145, stack(0x00007fffe9911000,0x00007fffe9a12000)]
  0x00007ffff007a800 JavaThread "Finalizer" daemon [_thread_blocked, id=21130, stack(0x00007fffe9ba0000,0x00007fffe9ca1000)]
  0x00007ffff0078800 JavaThread "Reference Handler" daemon [_thread_blocked, id=21128, stack(0x00007fffe9ca1000,0x00007fffe9da2000)]
  0x00007ffff0009000 JavaThread "main" [_thread_blocked, id=21109, stack(0x00007ffff7ebe000,0x00007ffff7fbf000)]

Other Threads:
=>0x00007ffff0074000 VMThread [stack: 0x00007fffe9da2000,0x00007fffe9ea3000] [id=21124]
  0x00007ffff00ba000 WatcherThread [stack: 0x00007fffe950d000,0x00007fffe960e000] [id=21149]

VM state:at safepoint (normal execution)

VM Mutex/Monitor currently owned by a thread:  ([mutex/lock_event])
[0x00007ffff00066e0] Threads_lock - owner thread: 0x00007ffff0074000
[0x00007ffff0006be0] Heap_lock - owner thread: 0x00007ffff0009000

Heap
 PSYoungGen      total 99840K, used 3575K [0x00000000eaa80000, 0x00000000f0f80000, 0x0000000100000000)
  eden space 96256K, 0% used [0x00000000eaa80000,0x00000000eaa80000,0x00000000f0880000)
  from space 3584K, 99% used [0x00000000f0880000,0x00000000f0bfdd18,0x00000000f0c00000)
  to   space 3584K, 0% used [0x00000000f0c00000,0x00000000f0c00000,0x00000000f0f80000)
 ParOldGen       total 62464K, used 32663K [0x00000000c0000000, 0x00000000c3d00000, 0x00000000eaa80000)
  object space 62464K, 52% used [0x00000000c0000000,0x00000000c1fe5f68,0x00000000c3d00000)
 PSPermGen       total 21504K, used 6313K [0x00000000b5a00000, 0x00000000b6f00000, 0x00000000c0000000)
  object space 21504K, 29% used [0x00000000b5a00000,0x00000000b602a478,0x00000000b6f00000)

Card table byte_map: [0x00007ffff4e7e000,0x00007ffff50d2000] byte_map_base: 0x00007ffff48d1000

Polling page: 0x00007ffff7ff6000

Code Cache  [0x00007fffed000000, 0x00007fffed270000, 0x00007ffff0000000)
 total_blobs=571 nmethods=338 adapters=184 free_code_cache=47577Kb largest_free_block=48689024

Compilation events (10 events):
Event: 23,958 Thread 0x00007ffff00a9800 nmethod 339 0x00007fffed183210 code [0x00007fffed1834c0, 0x00007fffed1852e8]
Event: 23,958 Thread 0x00007ffff00a9800  340             java.lang.StringBuilder::append (8 bytes)
Event: 24,013 Thread 0x00007ffff00a9800 nmethod 340 0x00007fffed180e50 code [0x00007fffed180fc0, 0x00007fffed181398]
Event: 24,014 Thread 0x00007ffff00a9800  341             com.android.dx.rop.code.InsnList::<init> (6 bytes)
Event: 24,015 Thread 0x00007ffff00a9800 nmethod 341 0x00007fffed180ad0 code [0x00007fffed180c20, 0x00007fffed180d58]
Event: 24,015 Thread 0x00007ffff00a9800  342             com.android.dx.ssa.SCCP::addBlockToWorklist (47 bytes)
Event: 24,082 Thread 0x00007ffff00a9800 nmethod 342 0x00007fffed182110 code [0x00007fffed1822e0, 0x00007fffed182a70]
Event: 24,082 Thread 0x00007ffff00a9800  343             com.android.dx.util.IntList::<init> (6 bytes)
Event: 24,100 Thread 0x00007ffff00a9800 nmethod 343 0x00007fffed0f4190 code [0x00007fffed0f42e0, 0x00007fffed0f43f8]
Event: 24,100 Thread 0x00007ffff00a9800  344             com.android.dx.ssa.DomFront::calcDomFronts (154 bytes)

GC Heap History (9 events):
Event: 0,971 GC heap before
{Heap before GC invocations=1 (full 0):
 PSYoungGen      total 27648K, used 24064K [0x00000000eaa80000, 0x00000000ec900000, 0x0000000100000000)
  eden space 24064K, 100% used [0x00000000eaa80000,0x00000000ec200000,0x00000000ec200000)
  from space 3584K, 0% used [0x00000000ec580000,0x00000000ec580000,0x00000000ec900000)
  to   space 3584K, 0% used [0x00000000ec200000,0x00000000ec200000,0x00000000ec580000)
 ParOldGen       total 62464K, used 0K [0x00000000c0000000, 0x00000000c3d00000, 0x00000000eaa80000)
  object space 62464K, 0% used [0x00000000c0000000,0x00000000c0000000,0x00000000c3d00000)
 PSPermGen       total 21504K, used 5798K [0x00000000b5a00000, 0x00000000b6f00000, 0x00000000c0000000)
  object space 21504K, 26% used [0x00000000b5a00000,0x00000000b5fa99e8,0x00000000b6f00000)
Event: 1,033 GC heap after
Heap after GC invocations=1 (full 0):
 PSYoungGen      total 27648K, used 3297K [0x00000000eaa80000, 0x00000000ee080000, 0x0000000100000000)
  eden space 24064K, 0% used [0x00000000eaa80000,0x00000000eaa80000,0x00000000ec200000)
  from space 3584K, 92% used [0x00000000ec200000,0x00000000ec5387f8,0x00000000ec580000)
  to   space 3584K, 0% used [0x00000000edd00000,0x00000000edd00000,0x00000000ee080000)
 ParOldGen       total 62464K, used 0K [0x00000000c0000000, 0x00000000c3d00000, 0x00000000eaa80000)
  object space 62464K, 0% used [0x00000000c0000000,0x00000000c0000000,0x00000000c3d00000)
 PSPermGen       total 21504K, used 5798K [0x00000000b5a00000, 0x00000000b6f00000, 0x00000000c0000000)
  object space 21504K, 26% used [0x00000000b5a00000,0x00000000b5fa99e8,0x00000000b6f00000)
}
Event: 2,858 GC heap before
{Heap before GC invocations=2 (full 0):
 PSYoungGen      total 27648K, used 27361K [0x00000000eaa80000, 0x00000000ee080000, 0x0000000100000000)
  eden space 24064K, 100% used [0x00000000eaa80000,0x00000000ec200000,0x00000000ec200000)
  from space 3584K, 92% used [0x00000000ec200000,0x00000000ec5387f8,0x00000000ec580000)
  to   space 3584K, 0% used [0x00000000edd00000,0x00000000edd00000,0x00000000ee080000)
 ParOldGen       total 62464K, used 0K [0x00000000c0000000, 0x00000000c3d00000, 0x00000000eaa80000)
  object space 62464K, 0% used [0x00000000c0000000,0x00000000c0000000,0x00000000c3d00000)
 PSPermGen       total 21504K, used 6137K [0x00000000b5a00000, 0x00000000b6f00000, 0x00000000c0000000)
  object space 21504K, 28% used [0x00000000b5a00000,0x00000000b5ffe638,0x00000000b6f00000)
Event: 2,899 GC heap after
Heap after GC invocations=2 (full 0):
 PSYoungGen      total 51712K, used 3576K [0x00000000eaa80000, 0x00000000ee080000, 0x0000000100000000)
  eden space 48128K, 0% used [0x00000000eaa80000,0x00000000eaa80000,0x00000000ed980000)
  from space 3584K, 99% used [0x00000000edd00000,0x00000000ee07e3d8,0x00000000ee080000)
  to   space 3584K, 0% used [0x00000000ed980000,0x00000000ed980000,0x00000000edd00000)
 ParOldGen       total 62464K, used 2389K [0x00000000c0000000, 0x00000000c3d00000, 0x00000000eaa80000)
  object space 62464K, 3% used [0x00000000c0000000,0x00000000c0255718,0x00000000c3d00000)
 PSPermGen       total 21504K, used 6137K [0x00000000b5a00000, 0x00000000b6f00000, 0x00000000c0000000)
  object space 21504K, 28% used [0x00000000b5a00000,0x00000000b5ffe638,0x00000000b6f00000)
}
Event: 14,662 GC heap before
{Heap before GC invocations=3 (full 0):
 PSYoungGen      total 51712K, used 51704K [0x00000000eaa80000, 0x00000000ee080000, 0x0000000100000000)
  eden space 48128K, 100% used [0x00000000eaa80000,0x00000000ed980000,0x00000000ed980000)
  from space 3584K, 99% used [0x00000000edd00000,0x00000000ee07e3d8,0x00000000ee080000)
  to   space 3584K, 0% used [0x00000000ed980000,0x00000000ed980000,0x00000000edd00000)
 ParOldGen       total 62464K, used 2389K [0x00000000c0000000, 0x00000000c3d00000, 0x00000000eaa80000)
  object space 62464K, 3% used [0x00000000c0000000,0x00000000c0255718,0x00000000c3d00000)
 PSPermGen       total 21504K, used 6211K [0x00000000b5a00000, 0x00000000b6f00000, 0x00000000c0000000)
  object space 21504K, 28% used [0x00000000b5a00000,0x00000000b6010c68,0x00000000b6f00000)
Event: 14,907 GC heap after
Heap after GC invocations=3 (full 0):
 PSYoungGen      total 51712K, used 3559K [0x00000000eaa80000, 0x00000000f0f80000, 0x0000000100000000)
  eden space 48128K, 0% used [0x00000000eaa80000,0x00000000eaa80000,0x00000000ed980000)
  from space 3584K, 99% used [0x00000000ed980000,0x00000000edcf9d08,0x00000000edd00000)
  to   space 3584K, 0% used [0x00000000f0c00000,0x00000000f0c00000,0x00000000f0f80000)
 ParOldGen       total 62464K, used 8728K [0x00000000c0000000, 0x00000000c3d00000, 0x00000000eaa80000)
  object space 62464K, 13% used [0x00000000c0000000,0x00000000c0886358,0x00000000c3d00000)
 PSPermGen       total 21504K, used 6211K [0x00000000b5a00000, 0x00000000b6f00000, 0x00000000c0000000)
  object space 21504K, 28% used [0x00000000b5a00000,0x00000000b6010c68,0x00000000b6f00000)
}
Event: 18,209 GC heap before
{Heap before GC invocations=4 (full 0):
 PSYoungGen      total 51712K, used 51687K [0x00000000eaa80000, 0x00000000f0f80000, 0x0000000100000000)
  eden space 48128K, 100% used [0x00000000eaa80000,0x00000000ed980000,0x00000000ed980000)
  from space 3584K, 99% used [0x00000000ed980000,0x00000000edcf9d08,0x00000000edd00000)
  to   space 3584K, 0% used [0x00000000f0c00000,0x00000000f0c00000,0x00000000f0f80000)
 ParOldGen       total 62464K, used 8728K [0x00000000c0000000, 0x00000000c3d00000, 0x00000000eaa80000)
  object space 62464K, 13% used [0x00000000c0000000,0x00000000c0886358,0x00000000c3d00000)
 PSPermGen       total 21504K, used 6253K [0x00000000b5a00000, 0x00000000b6f00000, 0x00000000c0000000)
  object space 21504K, 29% used [0x00000000b5a00000,0x00000000b601b5c8,0x00000000b6f00000)
Event: 18,302 GC heap after
Heap after GC invocations=4 (full 0):
 PSYoungGen      total 99840K, used 3576K [0x00000000eaa80000, 0x00000000f0f80000, 0x0000000100000000)
  eden space 96256K, 0% used [0x00000000eaa80000,0x00000000eaa80000,0x00000000f0880000)
  from space 3584K, 99% used [0x00000000f0c00000,0x00000000f0f7e3d8,0x00000000f0f80000)
  to   space 3584K, 0% used [0x00000000f0880000,0x00000000f0880000,0x00000000f0c00000)
 ParOldGen       total 62464K, used 16926K [0x00000000c0000000, 0x00000000c3d00000, 0x00000000eaa80000)
  object space 62464K, 27% used [0x00000000c0000000,0x00000000c1087998,0x00000000c3d00000)
 PSPermGen       total 21504K, used 6253K [0x00000000b5a00000, 0x00000000b6f00000, 0x00000000c0000000)
  object space 21504K, 29% used [0x00000000b5a00000,0x00000000b601b5c8,0x00000000b6f00000)
}
Event: 24,136 GC heap before
{Heap before GC invocations=5 (full 0):
 PSYoungGen      total 99840K, used 99832K [0x00000000eaa80000, 0x00000000f0f80000, 0x0000000100000000)
  eden space 96256K, 100% used [0x00000000eaa80000,0x00000000f0880000,0x00000000f0880000)
  from space 3584K, 99% used [0x00000000f0c00000,0x00000000f0f7e3d8,0x00000000f0f80000)
  to   space 3584K, 0% used [0x00000000f0880000,0x00000000f0880000,0x00000000f0c00000)
 ParOldGen       total 62464K, used 16926K [0x00000000c0000000, 0x00000000c3d00000, 0x00000000eaa80000)
  object space 62464K, 27% used [0x00000000c0000000,0x00000000c1087998,0x00000000c3d00000)
 PSPermGen       total 21504K, used 6313K [0x00000000b5a00000, 0x00000000b6f00000, 0x00000000c0000000)
  object space 21504K, 29% used [0x00000000b5a00000,0x00000000b602a478,0x00000000b6f00000)

Deoptimization events (10 events):
Event: 15,013 Thread 0x00007ffff018c000 Uncommon trap: reason=class_check action=maybe_recompile pc=0x00007fffed0b6e1c method=java.util.HashMap.put(Ljava/lang/Object;Ljava/lang/Object;)Ljava/lang/Object; @ 83
Event: 15,013 Thread 0x00007ffff018c000 Uncommon trap: reason=class_check action=maybe_recompile pc=0x00007fffed0b6e1c method=java.util.HashMap.put(Ljava/lang/Object;Ljava/lang/Object;)Ljava/lang/Object; @ 83
Event: 15,013 Thread 0x00007ffff018c000 Uncommon trap: reason=class_check action=maybe_recompile pc=0x00007fffed0b6e1c method=java.util.HashMap.put(Ljava/lang/Object;Ljava/lang/Object;)Ljava/lang/Object; @ 83
Event: 15,013 Thread 0x00007ffff018c000 Uncommon trap: reason=class_check action=maybe_recompile pc=0x00007fffed0b6e1c method=java.util.HashMap.put(Ljava/lang/Object;Ljava/lang/Object;)Ljava/lang/Object; @ 83
Event: 15,018 Thread 0x00007ffff0009000 Uncommon trap: reason=unstable_if action=reinterpret pc=0x00007fffed0f7cfc method=com.android.dx.ssa.SCCP.simulateBranch(Lcom/android/dx/ssa/SsaInsn;)V @ 64
Event: 15,066 Thread 0x00007ffff0190000 Uncommon trap: reason=unstable_if action=reinterpret pc=0x00007fffed0c3804 method=com.android.dx.ssa.LocalVariableExtractor.processBlock(I)V @ 251
Event: 15,770 Thread 0x00007ffff0190000 Uncommon trap: reason=null_check action=make_not_entrant pc=0x00007fffed0d4080 method=com.android.dx.ssa.SsaRenamer.getLocalForNewReg(I)Lcom/android/dx/rop/code/LocalItem; @ 19
Event: 19,034 Thread 0x00007ffff018c000 Uncommon trap: reason=null_check action=make_not_entrant pc=0x00007fffed12bd2c method=com.android.dx.cf.code.Ropper$CatchInfo.getSetup(Lcom/android/dx/rop/type/Type;)Lcom/android/dx/cf/code/Ropper$ExceptionHandlerSetup; @ 10
Event: 21,100 Thread 0x00007ffff0190000 Uncommon trap: reason=class_check action=maybe_recompile pc=0x00007fffed142cc4 method=com.android.dx.ssa.SCCP.replaceConstants()V @ 127
Event: 22,600 Thread 0x00007ffff0009000 Uncommon trap: reason=unstable_if action=reinterpret pc=0x00007fffed13a5b0 method=com.android.dx.ssa.SCCP.simulateStmt(Lcom/android/dx/ssa/SsaInsn;)V @ 53

Internal exceptions (10 events):
Event: 1,418 Thread 0x00007ffff018e800 Threw 0x00000000eaf14780 at /build/java7-openjdk/src/icedtea-2.6.3/openjdk/hotspot/src/share/vm/prims/jvm.cpp:1322
Event: 1,844 Thread 0x00007ffff018e800 Threw 0x00000000eb2971c0 at /build/java7-openjdk/src/icedtea-2.6.3/openjdk/hotspot/src/share/vm/prims/jvm.cpp:1322
Event: 2,236 Thread 0x00007ffff0190000 Implicit null exception at 0x00007fffed09e992 to 0x00007fffed09ea83
Event: 14,500 Thread 0x00007ffff0009000 Implicit null exception at 0x00007fffed0b7f17 to 0x00007fffed0b85fd
Event: 14,990 Thread 0x00007ffff0009000 Threw 0x00000000eab2e410 at /build/java7-openjdk/src/icedtea-2.6.3/openjdk/hotspot/src/share/vm/prims/jvm.cpp:1322
Event: 15,021 Thread 0x00007ffff0009000 Threw 0x00000000ead52548 at /build/java7-openjdk/src/icedtea-2.6.3/openjdk/hotspot/src/share/vm/prims/jvm.cpp:1322
Event: 15,753 Thread 0x00007ffff0190000 Implicit null exception at 0x00007fffed0d2480 to 0x00007fffed0d405d
Event: 16,845 Thread 0x00007ffff018c000 Threw 0x00000000ec676c10 at /build/java7-openjdk/src/icedtea-2.6.3/openjdk/hotspot/src/share/vm/prims/jvm.cpp:1322
Event: 19,034 Thread 0x00007ffff018c000 Implicit null exception at 0x00007fffed127ba8 to 0x00007fffed12bce5
Event: 21,759 Thread 0x00007ffff0009000 Threw 0x00000000ee3535a0 at /build/java7-openjdk/src/icedtea-2.6.3/openjdk/hotspot/src/share/vm/prims/jvm.cpp:1322

Events (10 events):
Event: 21,100 Thread 0x00007ffff0190000 Uncommon trap: trap_request=0xffffffde fr.pc=0x00007fffed142cc4
Event: 21,100 Thread 0x00007ffff0190000 DEOPT PACKING pc=0x00007fffed142cc4 sp=0x00007fffb7b8c270
Event: 21,100 Thread 0x00007ffff0190000 DEOPT UNPACKING pc=0x00007fffed039445 sp=0x00007fffb7b8c1c8 mode 2
Event: 21,758 loading class 0x00007ffff00fbae0
Event: 21,758 loading class 0x00007ffff00fbae0 done
Event: 22,600 Thread 0x00007ffff0009000 Uncommon trap: trap_request=0xffffff75 fr.pc=0x00007fffed13a5b0
Event: 22,600 Thread 0x00007ffff0009000 DEOPT PACKING pc=0x00007fffed13a5b0 sp=0x00007ffff7fbca50
Event: 22,600 Thread 0x00007ffff0009000 DEOPT UNPACKING pc=0x00007fffed039445 sp=0x00007ffff7fbc9e8 mode 2
Event: 23,034 Thread 0x00007ffff00a9800 flushing nmethod 0x00007fffed09ded0
Event: 24,128 Executing VM operation: ParallelGCFailedAllocation


Dynamic libraries:
00400000-00401000 r-xp 00000000 08:02 274804                             /usr/lib/jvm/java-7-openjdk/jre/bin/java
00600000-00601000 rw-p 00000000 08:02 274804                             /usr/lib/jvm/java-7-openjdk/jre/bin/java
00601000-00622000 rw-p 00000000 00:00 0                                  [heap]
b5a00000-b6f00000 rw-p 00000000 00:00 0 
b6f00000-c0000000 rw-p 00000000 00:00 0 
c0000000-c3d00000 rw-p 00000000 00:00 0 
c3d00000-eaa80000 rw-p 00000000 00:00 0 
eaa80000-f0f80000 rw-p 00000000 00:00 0 
f8f80000-100000000 rw-p 00000000 00:00 0 
7fffa0000000-7fffa0021000 rw-p 00000000 00:00 0 
7fffa0021000-7fffa4000000 ---p 00000000 00:00 0 
7fffa4000000-7fffa4021000 rw-p 00000000 00:00 0 
7fffa4021000-7fffa8000000 ---p 00000000 00:00 0 
7fffa8000000-7fffa8021000 rw-p 00000000 00:00 0 
7fffa8021000-7fffac000000 ---p 00000000 00:00 0 
7fffac000000-7fffac021000 rw-p 00000000 00:00 0 
7fffac021000-7fffb0000000 ---p 00000000 00:00 0 
7fffb0000000-7fffb0030000 rw-p 00000000 00:00 0 
7fffb0030000-7fffb4000000 ---p 00000000 00:00 0 
7fffb798c000-7fffb798f000 ---p 00000000 00:00 0 
7fffb798f000-7fffb7a8d000 rw-p 00000000 00:00 0                          [stack:21185]
7fffb7a8d000-7fffb7a90000 ---p 00000000 00:00 0 
7fffb7a90000-7fffb7b8e000 rw-p 00000000 00:00 0                          [stack:21184]
7fffb7b8e000-7fffb7b91000 ---p 00000000 00:00 0 
7fffb7b91000-7fffb7c8f000 rw-p 00000000 00:00 0                          [stack:21180]
7fffb7c8f000-7fffb7c92000 ---p 00000000 00:00 0 
7fffb7c92000-7fffb7d90000 rw-p 00000000 00:00 0                          [stack:21168]
7fffb7d90000-7fffb7dff000 r-xp 00000000 08:02 1447759                    /usr/lib/libpcre.so.1.2.6
7fffb7dff000-7fffb7ffe000 ---p 0006f000 08:02 1447759                    /usr/lib/libpcre.so.1.2.6
7fffb7ffe000-7fffb7fff000 r--p 0006e000 08:02 1447759                    /usr/lib/libpcre.so.1.2.6
7fffb7fff000-7fffb8000000 rw-p 0006f000 08:02 1447759                    /usr/lib/libpcre.so.1.2.6
7fffb8000000-7fffb8021000 rw-p 00000000 00:00 0 
7fffb8021000-7fffbc000000 ---p 00000000 00:00 0 
7fffbc000000-7fffbdd79000 rw-p 00000000 00:00 0 
7fffbdd79000-7fffc0000000 ---p 00000000 00:00 0 
7fffc0000000-7fffc0021000 rw-p 00000000 00:00 0 
7fffc0021000-7fffc4000000 ---p 00000000 00:00 0 
7fffc4000000-7fffc4021000 rw-p 00000000 00:00 0 
7fffc4021000-7fffc8000000 ---p 00000000 00:00 0 
7fffc8000000-7fffc9350000 rw-p 00000000 00:00 0 
7fffc9350000-7fffcc000000 ---p 00000000 00:00 0 
7fffcc000000-7fffcc021000 rw-p 00000000 00:00 0 
7fffcc021000-7fffd0000000 ---p 00000000 00:00 0 
7fffd0000000-7fffd0021000 rw-p 00000000 00:00 0 
7fffd0021000-7fffd4000000 ---p 00000000 00:00 0 
7fffd4000000-7fffd4021000 rw-p 00000000 00:00 0 
7fffd4021000-7fffd8000000 ---p 00000000 00:00 0 
7fffd8000000-7fffd8030000 rw-p 00000000 00:00 0 
7fffd8030000-7fffdc000000 ---p 00000000 00:00 0 
7fffdc000000-7fffdc021000 rw-p 00000000 00:00 0 
7fffdc021000-7fffe0000000 ---p 00000000 00:00 0 
7fffe0000000-7fffe0021000 rw-p 00000000 00:00 0 
7fffe0021000-7fffe4000000 ---p 00000000 00:00 0 
7fffe4000000-7fffe4021000 rw-p 00000000 00:00 0 
7fffe4021000-7fffe8000000 ---p 00000000 00:00 0 
7fffe8064000-7fffe8067000 ---p 00000000 00:00 0 
7fffe8067000-7fffe8196000 rw-p 00000000 00:00 0                          [stack:21167]
7fffe8196000-7fffe819e000 r-xp 00000000 08:02 1449419                    /usr/lib/libffi.so.6.0.4
7fffe819e000-7fffe839d000 ---p 00008000 08:02 1449419                    /usr/lib/libffi.so.6.0.4
7fffe839d000-7fffe839e000 r--p 00007000 08:02 1449419                    /usr/lib/libffi.so.6.0.4
7fffe839e000-7fffe839f000 rw-p 00008000 08:02 1449419                    /usr/lib/libffi.so.6.0.4
7fffe839f000-7fffe83b3000 r-xp 00000000 08:02 1439411                    /usr/lib/libresolv-2.22.so
7fffe83b3000-7fffe85b2000 ---p 00014000 08:02 1439411                    /usr/lib/libresolv-2.22.so
7fffe85b2000-7fffe85b3000 r--p 00013000 08:02 1439411                    /usr/lib/libresolv-2.22.so
7fffe85b3000-7fffe85b4000 rw-p 00014000 08:02 1439411                    /usr/lib/libresolv-2.22.so
7fffe85b4000-7fffe85b6000 rw-p 00000000 00:00 0 
7fffe85b6000-7fffe85b9000 r-xp 00000000 08:02 1449491                    /usr/lib/libgmodule-2.0.so.0.4600.2
7fffe85b9000-7fffe87b8000 ---p 00003000 08:02 1449491                    /usr/lib/libgmodule-2.0.so.0.4600.2
7fffe87b8000-7fffe87b9000 r--p 00002000 08:02 1449491                    /usr/lib/libgmodule-2.0.so.0.4600.2
7fffe87b9000-7fffe87ba000 rw-p 00003000 08:02 1449491                    /usr/lib/libgmodule-2.0.so.0.4600.2
7fffe87ba000-7fffe88c6000 r-xp 00000000 08:02 1449484                    /usr/lib/libglib-2.0.so.0.4600.2
7fffe88c6000-7fffe8ac5000 ---p 0010c000 08:02 1449484                    /usr/lib/libglib-2.0.so.0.4600.2
7fffe8ac5000-7fffe8ac6000 r--p 0010b000 08:02 1449484                    /usr/lib/libglib-2.0.so.0.4600.2
7fffe8ac6000-7fffe8ac7000 rw-p 0010c000 08:02 1449484                    /usr/lib/libglib-2.0.so.0.4600.2
7fffe8ac7000-7fffe8ac8000 rw-p 00000000 00:00 0 
7fffe8ac8000-7fffe8b19000 r-xp 00000000 08:02 1449493                    /usr/lib/libgobject-2.0.so.0.4600.2
7fffe8b19000-7fffe8d18000 ---p 00051000 08:02 1449493                    /usr/lib/libgobject-2.0.so.0.4600.2
7fffe8d18000-7fffe8d19000 r--p 00050000 08:02 1449493                    /usr/lib/libgobject-2.0.so.0.4600.2
7fffe8d19000-7fffe8d1a000 rw-p 00051000 08:02 1449493                    /usr/lib/libgobject-2.0.so.0.4600.2
7fffe8d1a000-7fffe8e92000 r-xp 00000000 08:02 1449494                    /usr/lib/libgio-2.0.so.0.4600.2
7fffe8e92000-7fffe9091000 ---p 00178000 08:02 1449494                    /usr/lib/libgio-2.0.so.0.4600.2
7fffe9091000-7fffe9095000 r--p 00177000 08:02 1449494                    /usr/lib/libgio-2.0.so.0.4600.2
7fffe9095000-7fffe9097000 rw-p 0017b000 08:02 1449494                    /usr/lib/libgio-2.0.so.0.4600.2
7fffe9097000-7fffe9099000 rw-p 00000000 00:00 0 
7fffe909d000-7fffe90cd000 r--p 00000000 08:02 1438244                    /usr/share/locale/ru/LC_MESSAGES/libc.mo
7fffe90cd000-7fffe90e4000 r-xp 00000000 08:02 274778                     /usr/lib/jvm/java-7-openjdk/jre/lib/amd64/libnet.so
7fffe90e4000-7fffe92e4000 ---p 00017000 08:02 274778                     /usr/lib/jvm/java-7-openjdk/jre/lib/amd64/libnet.so
7fffe92e4000-7fffe92e5000 rw-p 00017000 08:02 274778                     /usr/lib/jvm/java-7-openjdk/jre/lib/amd64/libnet.so
7fffe92e5000-7fffe92f5000 r-xp 00000000 08:02 274779                     /usr/lib/jvm/java-7-openjdk/jre/lib/amd64/libnio.so
7fffe92f5000-7fffe94f5000 ---p 00010000 08:02 274779                     /usr/lib/jvm/java-7-openjdk/jre/lib/amd64/libnio.so
7fffe94f5000-7fffe94f6000 rw-p 00010000 08:02 274779                     /usr/lib/jvm/java-7-openjdk/jre/lib/amd64/libnio.so
7fffe94f6000-7fffe950d000 r--s 000db000 08:03 2153682                    /home/az/work/d01t/platforms/android/libs/android-support-v4.jar
7fffe950d000-7fffe950e000 ---p 00000000 00:00 0 
7fffe950e000-7fffe960e000 rw-p 00000000 00:00 0                          [stack:21149]
7fffe960e000-7fffe9611000 ---p 00000000 00:00 0 
7fffe9611000-7fffe970f000 rw-p 00000000 00:00 0                          [stack:21148]
7fffe970f000-7fffe9712000 ---p 00000000 00:00 0 
7fffe9712000-7fffe9810000 rw-p 00000000 00:00 0                          [stack:21147]
7fffe9810000-7fffe9813000 ---p 00000000 00:00 0 
7fffe9813000-7fffe9911000 rw-p 00000000 00:00 0                          [stack:21146]
7fffe9911000-7fffe9914000 ---p 00000000 00:00 0 
7fffe9914000-7fffe9a12000 rw-p 00000000 00:00 0                          [stack:21145]
7fffe9a12000-7fffe9ba0000 r--p 00000000 08:02 1456408                    /usr/lib/locale/locale-archive
7fffe9ba0000-7fffe9ba3000 ---p 00000000 00:00 0 
7fffe9ba3000-7fffe9ca1000 rw-p 00000000 00:00 0                          [stack:21130]
7fffe9ca1000-7fffe9ca4000 ---p 00000000 00:00 0 
7fffe9ca4000-7fffe9da2000 rw-p 00000000 00:00 0                          [stack:21128]
7fffe9da2000-7fffe9da3000 ---p 00000000 00:00 0 
7fffe9da3000-7fffed000000 rw-p 00000000 00:00 0                          [stack:21124]
7fffed000000-7fffed270000 rwxp 00000000 00:00 0 
7fffed270000-7ffff01c1000 rw-p 00000000 00:00 0 
7ffff01c1000-7ffff4000000 ---p 00000000 00:00 0 
7ffff4003000-7ffff43d3000 rw-p 00000000 00:00 0 
7ffff43d3000-7ffff4585000 r--s 01d2e000 08:02 273449                     /usr/lib/jvm/java-7-openjdk/jre/lib/rt.jar
7ffff4585000-7ffff48d1000 rw-p 00000000 00:00 0 
7ffff48d1000-7ffff48d2000 ---p 00000000 00:00 0 
7ffff48d2000-7ffff49d2000 rw-p 00000000 00:00 0                          [stack:21114]
7ffff49d2000-7ffff49d3000 ---p 00000000 00:00 0 
7ffff49d3000-7ffff4ad3000 rw-p 00000000 00:00 0                          [stack:21113]
7ffff4ad3000-7ffff4ad4000 ---p 00000000 00:00 0 
7ffff4ad4000-7ffff4bd4000 rw-p 00000000 00:00 0                          [stack:21112]
7ffff4bd4000-7ffff4bd5000 ---p 00000000 00:00 0 
7ffff4bd5000-7ffff4ce0000 rw-p 00000000 00:00 0                          [stack:21111]
7ffff4ce0000-7ffff4d28000 rw-p 00000000 00:00 0 
7ffff4d28000-7ffff4d47000 rw-p 00000000 00:00 0 
7ffff4d47000-7ffff4e7e000 rw-p 00000000 00:00 0 
7ffff4e7e000-7ffff4e89000 rw-p 00000000 00:00 0 
7ffff4e89000-7ffff4ed1000 rw-p 00000000 00:00 0 
7ffff4ed1000-7ffff4ef0000 rw-p 00000000 00:00 0 
7ffff4ef0000-7ffff5026000 rw-p 00000000 00:00 0 
7ffff5026000-7ffff5059000 rw-p 00000000 00:00 0 
7ffff5059000-7ffff50d1000 rw-p 00000000 00:00 0 
7ffff50d1000-7ffff50d2000 rw-p 00000000 00:00 0 
7ffff50d2000-7ffff50da000 r-xp 00000000 08:02 274777                     /usr/lib/jvm/java-7-openjdk/jre/lib/amd64/libzip.so
7ffff50da000-7ffff52d9000 ---p 00008000 08:02 274777                     /usr/lib/jvm/java-7-openjdk/jre/lib/amd64/libzip.so
7ffff52d9000-7ffff52da000 rw-p 00007000 08:02 274777                     /usr/lib/jvm/java-7-openjdk/jre/lib/amd64/libzip.so
7ffff52da000-7ffff52e5000 r-xp 00000000 08:02 1439404                    /usr/lib/libnss_files-2.22.so
7ffff52e5000-7ffff54e4000 ---p 0000b000 08:02 1439404                    /usr/lib/libnss_files-2.22.so
7ffff54e4000-7ffff54e5000 r--p 0000a000 08:02 1439404                    /usr/lib/libnss_files-2.22.so
7ffff54e5000-7ffff54e6000 rw-p 0000b000 08:02 1439404                    /usr/lib/libnss_files-2.22.so
7ffff54e6000-7ffff54ec000 rw-p 00000000 00:00 0 
7ffff54ec000-7ffff5517000 r-xp 00000000 08:02 274776                     /usr/lib/jvm/java-7-openjdk/jre/lib/amd64/libjava.so
7ffff5517000-7ffff5717000 ---p 0002b000 08:02 274776                     /usr/lib/jvm/java-7-openjdk/jre/lib/amd64/libjava.so
7ffff5717000-7ffff5719000 rw-p 0002b000 08:02 274776                     /usr/lib/jvm/java-7-openjdk/jre/lib/amd64/libjava.so
7ffff5719000-7ffff5726000 r-xp 00000000 08:02 274775                     /usr/lib/jvm/java-7-openjdk/jre/lib/amd64/libverify.so
7ffff5726000-7ffff5925000 ---p 0000d000 08:02 274775                     /usr/lib/jvm/java-7-openjdk/jre/lib/amd64/libverify.so
7ffff5925000-7ffff5927000 rw-p 0000c000 08:02 274775                     /usr/lib/jvm/java-7-openjdk/jre/lib/amd64/libverify.so
7ffff5927000-7ffff592e000 r-xp 00000000 08:02 1439412                    /usr/lib/librt-2.22.so
7ffff592e000-7ffff5b2d000 ---p 00007000 08:02 1439412                    /usr/lib/librt-2.22.so
7ffff5b2d000-7ffff5b2e000 r--p 00006000 08:02 1439412                    /usr/lib/librt-2.22.so
7ffff5b2e000-7ffff5b2f000 rw-p 00007000 08:02 1439412                    /usr/lib/librt-2.22.so
7ffff5b2f000-7ffff5b45000 r-xp 00000000 08:02 1439682                    /usr/lib/libgcc_s.so.1
7ffff5b45000-7ffff5d44000 ---p 00016000 08:02 1439682                    /usr/lib/libgcc_s.so.1
7ffff5d44000-7ffff5d45000 rw-p 00015000 08:02 1439682                    /usr/lib/libgcc_s.so.1
7ffff5d45000-7ffff5e42000 r-xp 00000000 08:02 1439409                    /usr/lib/libm-2.22.so
7ffff5e42000-7ffff6041000 ---p 000fd000 08:02 1439409                    /usr/lib/libm-2.22.so
7ffff6041000-7ffff6042000 r--p 000fc000 08:02 1439409                    /usr/lib/libm-2.22.so
7ffff6042000-7ffff6043000 rw-p 000fd000 08:02 1439409                    /usr/lib/libm-2.22.so
7ffff6043000-7ffff61b5000 r-xp 00000000 08:02 1439719                    /usr/lib/libstdc++.so.6.0.21
7ffff61b5000-7ffff63b5000 ---p 00172000 08:02 1439719                    /usr/lib/libstdc++.so.6.0.21
7ffff63b5000-7ffff63bf000 r--p 00172000 08:02 1439719                    /usr/lib/libstdc++.so.6.0.21
7ffff63bf000-7ffff63c1000 rw-p 0017c000 08:02 1439719                    /usr/lib/libstdc++.so.6.0.21
7ffff63c1000-7ffff63c5000 rw-p 00000000 00:00 0 
7ffff63c5000-7ffff6f14000 r-xp 00000000 08:02 405053                     /usr/lib/jvm/java-7-openjdk/jre/lib/amd64/server/libjvm.so
7ffff6f14000-7ffff7114000 ---p 00b4f000 08:02 405053                     /usr/lib/jvm/java-7-openjdk/jre/lib/amd64/server/libjvm.so
7ffff7114000-7ffff71c8000 rw-p 00b4f000 08:02 405053                     /usr/lib/jvm/java-7-openjdk/jre/lib/amd64/server/libjvm.so
7ffff71c8000-7ffff71f3000 rw-p 00000000 00:00 0 
7ffff71f3000-7ffff7208000 r-xp 00000000 08:02 1442598                    /usr/lib/libz.so.1.2.8
7ffff7208000-7ffff7407000 ---p 00015000 08:02 1442598                    /usr/lib/libz.so.1.2.8
7ffff7407000-7ffff7408000 r--p 00014000 08:02 1442598                    /usr/lib/libz.so.1.2.8
7ffff7408000-7ffff7409000 rw-p 00015000 08:02 1442598                    /usr/lib/libz.so.1.2.8
7ffff7409000-7ffff75a4000 r-xp 00000000 08:02 1439359                    /usr/lib/libc-2.22.so
7ffff75a4000-7ffff77a3000 ---p 0019b000 08:02 1439359                    /usr/lib/libc-2.22.so
7ffff77a3000-7ffff77a7000 r--p 0019a000 08:02 1439359                    /usr/lib/libc-2.22.so
7ffff77a7000-7ffff77a9000 rw-p 0019e000 08:02 1439359                    /usr/lib/libc-2.22.so
7ffff77a9000-7ffff77ad000 rw-p 00000000 00:00 0 
7ffff77ad000-7ffff77b0000 r-xp 00000000 08:02 1439408                    /usr/lib/libdl-2.22.so
7ffff77b0000-7ffff79af000 ---p 00003000 08:02 1439408                    /usr/lib/libdl-2.22.so
7ffff79af000-7ffff79b0000 r--p 00002000 08:02 1439408                    /usr/lib/libdl-2.22.so
7ffff79b0000-7ffff79b1000 rw-p 00003000 08:02 1439408                    /usr/lib/libdl-2.22.so
7ffff79b1000-7ffff79be000 r-xp 00000000 08:02 405049                     /usr/lib/jvm/java-7-openjdk/jre/lib/amd64/jli/libjli.so
7ffff79be000-7ffff7bbd000 ---p 0000d000 08:02 405049                     /usr/lib/jvm/java-7-openjdk/jre/lib/amd64/jli/libjli.so
7ffff7bbd000-7ffff7bbe000 rw-p 0000c000 08:02 405049                     /usr/lib/jvm/java-7-openjdk/jre/lib/amd64/jli/libjli.so
7ffff7bbe000-7ffff7bd6000 r-xp 00000000 08:02 1439340                    /usr/lib/libpthread-2.22.so
7ffff7bd6000-7ffff7dd5000 ---p 00018000 08:02 1439340                    /usr/lib/libpthread-2.22.so
7ffff7dd5000-7ffff7dd6000 r--p 00017000 08:02 1439340                    /usr/lib/libpthread-2.22.so
7ffff7dd6000-7ffff7dd7000 rw-p 00018000 08:02 1439340                    /usr/lib/libpthread-2.22.so
7ffff7dd7000-7ffff7ddb000 rw-p 00000000 00:00 0 
7ffff7ddb000-7ffff7dfd000 r-xp 00000000 08:02 1439358                    /usr/lib/ld-2.22.so
7ffff7dfe000-7ffff7e08000 rw-p 00000000 00:00 0 
7ffff7e08000-7ffff7ebe000 rw-p 00000000 00:00 0 
7ffff7ebe000-7ffff7ec1000 ---p 00000000 00:00 0 
7ffff7ec1000-7ffff7fc3000 rw-p 00000000 00:00 0                          [stack:21109]
7ffff7fc5000-7ffff7fc6000 rw-p 00000000 00:00 0 
7ffff7fc6000-7ffff7fd5000 r--s 000df000 08:02 936581                     /opt/android-sdk/build-tools/23.0.2/lib/dx.jar
7ffff7fd5000-7ffff7fed000 rw-p 00000000 00:00 0 
7ffff7fed000-7ffff7ff5000 rw-s 00000000 00:21 9570122                    /tmp/hsperfdata_az/21104
7ffff7ff5000-7ffff7ff6000 rw-p 00000000 00:00 0 
7ffff7ff6000-7ffff7ff7000 ---p 00000000 00:00 0 
7ffff7ff7000-7ffff7ff8000 rw-p 00000000 00:00 0 
7ffff7ff8000-7ffff7ffa000 r--p 00000000 00:00 0                          [vvar]
7ffff7ffa000-7ffff7ffc000 r-xp 00000000 00:00 0                          [vdso]
7ffff7ffc000-7ffff7ffd000 r--p 00021000 08:02 1439358                    /usr/lib/ld-2.22.so
7ffff7ffd000-7ffff7ffe000 rw-p 00022000 08:02 1439358                    /usr/lib/ld-2.22.so
7ffff7ffe000-7ffff7fff000 rw-p 00000000 00:00 0 
7ffffffde000-7ffffffff000 rw-p 00000000 00:00 0                          [stack]
ffffffffff600000-ffffffffff601000 r-xp 00000000 00:00 0                  [vsyscall]

VM Arguments:
jvm_args: -Djava.awt.headless=true -Xmx1024M -Dfile.encoding=UTF-8 -Duser.country=RU -Duser.language=ru -Duser.variant 
java_command: com.android.dx.command.Main --dex --num-threads=4 --output /home/az/work/d01t/platforms/android/build/intermediates/pre-dexed/armv7/debug/android-support-v4_4a6f5f5c95e68e205b716bfc0279ac1895fa54da.jar /home/az/work/d01t/platforms/android/libs/android-support-v4.jar
Launcher Type: SUN_STANDARD

Environment Variables:
JAVA_HOME=/usr/lib/jvm/java-7-openjdk
PATH=/home/az/.snow-site/current/bin:/home/az/.gem/ruby/2.3.0/bin:/usr/local/sbin:/usr/local/bin:/usr/bin:/opt/adobe-air-sdk/bin:/opt/android-sdk/platform-tools:/opt/android-sdk/tools:/usr/lib/jvm/default/bin:/usr/bin/site_perl:/usr/bin/vendor_perl:/usr/bin/core_perl:/home/az/bin:/home/az/.cabal/bin:/home/az/.cask/bin:/usr/bin/site_perl:/usr/bin/vendor_perl:/usr/bin/core_perl:/opt/android-sdk/tools:/opt/android-sdk/platform-tools
SHELL=/bin/zsh
DISPLAY=:0.0

Signal Handlers:
SIGSEGV: [libjvm.so+0x994af0], sa_mask[0]=0x7ffbfeff, sa_flags=0x10000004
SIGBUS: [libjvm.so+0x994af0], sa_mask[0]=0x7ffbfeff, sa_flags=0x10000004
SIGFPE: [libjvm.so+0x7fbf60], sa_mask[0]=0x7ffbfeff, sa_flags=0x10000004
SIGPIPE: [libjvm.so+0x7fbf60], sa_mask[0]=0x7ffbfeff, sa_flags=0x10000004
SIGXFSZ: [libjvm.so+0x7fbf60], sa_mask[0]=0x7ffbfeff, sa_flags=0x10000004
SIGILL: [libjvm.so+0x7fbf60], sa_mask[0]=0x7ffbfeff, sa_flags=0x10000004
SIGUSR1: SIG_DFL, sa_mask[0]=0x00000000, sa_flags=0x00000000
SIGUSR2: [libjvm.so+0x7fbde0], sa_mask[0]=0x00000004, sa_flags=0x10000004
SIGHUP: [libjvm.so+0x7fbf70], sa_mask[0]=0x7ffbfeff, sa_flags=0x10000004
SIGINT: [libjvm.so+0x7fbf70], sa_mask[0]=0x7ffbfeff, sa_flags=0x10000004
SIGTERM: [libjvm.so+0x7fbf70], sa_mask[0]=0x7ffbfeff, sa_flags=0x10000004
SIGQUIT: [libjvm.so+0x7fbf70], sa_mask[0]=0x7ffbfeff, sa_flags=0x10000004
SIGTRAP: SIG_DFL, sa_mask[0]=0x00000000, sa_flags=0x00000000


---------------  S Y S T E M  ---------------

OS:Linux
uname:Linux 4.3.3-2-ARCH #1 SMP PREEMPT Wed Dec 23 20:09:18 CET 2015 x86_64
libc:glibc 2.22 NPTL 2.22 
rlimit: STACK 8192k, CORE 0k, NPROC 23400, NOFILE 4096, AS infinity
load average:12,48 4,74 3,57

/proc/meminfo:
MemTotal:        5995980 kB
MemFree:          204760 kB
MemAvailable:     260108 kB
Buffers:            7688 kB
Cached:           436432 kB
SwapCached:            0 kB
Active:          5251056 kB
Inactive:         333436 kB
Active(anon):    5231968 kB
Inactive(anon):   312008 kB
Active(file):      19088 kB
Inactive(file):    21428 kB
Unevictable:           0 kB
Mlocked:               0 kB
SwapTotal:             0 kB
SwapFree:              0 kB
Dirty:              2648 kB
Writeback:          1540 kB
AnonPages:       5133124 kB
Mapped:           247020 kB
Shmem:            403244 kB
Slab:              85692 kB
SReclaimable:      51204 kB
SUnreclaim:        34488 kB
KernelStack:       10624 kB
PageTables:        41176 kB
NFS_Unstable:          0 kB
Bounce:                0 kB
WritebackTmp:          0 kB
CommitLimit:     2997988 kB
Committed_AS:   10575192 kB
VmallocTotal:   34359738367 kB
VmallocUsed:      376600 kB
VmallocChunk:   34358947836 kB
HardwareCorrupted:     0 kB
AnonHugePages:    882688 kB
HugePages_Total:       0
HugePages_Free:        0
HugePages_Rsvd:        0
HugePages_Surp:        0
Hugepagesize:       2048 kB
DirectMap4k:      169600 kB
DirectMap2M:     6002688 kB


CPU:total 4 (2 cores per cpu, 2 threads per core) family 6 model 42 stepping 7, cmov, cx8, fxsr, mmx, sse, sse2, sse3, ssse3, sse4.1, sse4.2, popcnt, avx, aes, ht, tsc, tscinvbit

/proc/cpuinfo:
processor	: 0
vendor_id	: GenuineIntel
cpu family	: 6
model		: 42
model name	: Intel(R) Core(TM) i7-2620M CPU @ 2.70GHz
stepping	: 7
microcode	: 0x1a
cpu MHz		: 3199.921
cache size	: 4096 KB
physical id	: 0
siblings	: 4
core id		: 0
cpu cores	: 2
apicid		: 0
initial apicid	: 0
fpu		: yes
fpu_exception	: yes
cpuid level	: 13
wp		: yes
flags		: fpu vme de pse tsc msr pae mce cx8 apic sep mtrr pge mca cmov pat pse36 clflush dts acpi mmx fxsr sse sse2 ss ht tm pbe syscall nx rdtscp lm constant_tsc arch_perfmon pebs bts nopl xtopology nonstop_tsc aperfmperf eagerfpu pni pclmulqdq dtes64 monitor ds_cpl vmx smx est tm2 ssse3 cx16 xtpr pdcm pcid sse4_1 sse4_2 x2apic popcnt tsc_deadline_timer aes xsave avx lahf_lm ida arat epb pln pts dtherm tpr_shadow vnmi flexpriority ept vpid xsaveopt
bugs		:
bogomips	: 5384.95
clflush size	: 64
cache_alignment	: 64
address sizes	: 36 bits physical, 48 bits virtual
power management:

processor	: 1
vendor_id	: GenuineIntel
cpu family	: 6
model		: 42
model name	: Intel(R) Core(TM) i7-2620M CPU @ 2.70GHz
stepping	: 7
microcode	: 0x1a
cpu MHz		: 3199.921
cache size	: 4096 KB
physical id	: 0
siblings	: 4
core id		: 0
cpu cores	: 2
apicid		: 1
initial apicid	: 1
fpu		: yes
fpu_exception	: yes
cpuid level	: 13
wp		: yes
flags		: fpu vme de pse tsc msr pae mce cx8 apic sep mtrr pge mca cmov pat pse36 clflush dts acpi mmx fxsr sse sse2 ss ht tm pbe syscall nx rdtscp lm constant_tsc arch_perfmon pebs bts nopl xtopology nonstop_tsc aperfmperf eagerfpu pni pclmulqdq dtes64 monitor ds_cpl vmx smx est tm2 ssse3 cx16 xtpr pdcm pcid sse4_1 sse4_2 x2apic popcnt tsc_deadline_timer aes xsave avx lahf_lm ida arat epb pln pts dtherm tpr_shadow vnmi flexpriority ept vpid xsaveopt
bugs		:
bogomips	: 5384.95
clflush size	: 64
cache_alignment	: 64
address sizes	: 36 bits physical, 48 bits virtual
power management:

processor	: 2
vendor_id	: GenuineIntel
cpu family	: 6
model		: 42
model name	: Intel(R) Core(TM) i7-2620M CPU @ 2.70GHz
stepping	: 7
microcode	: 0x1a
cpu MHz		: 3199.921
cache size	: 4096 KB
physical id	: 0
siblings	: 4
core id		: 1
cpu cores	: 2
apicid		: 2
initial apicid	: 2
fpu		: yes
fpu_exception	: yes
cpuid level	: 13
wp		: yes
flags		: fpu vme de pse tsc msr pae mce cx8 apic sep mtrr pge mca cmov pat pse36 clflush dts acpi mmx fxsr sse sse2 ss ht tm pbe syscall nx rdtscp lm constant_tsc arch_perfmon pebs bts nopl xtopology nonstop_tsc aperfmperf eagerfpu pni pclmulqdq dtes64 monitor ds_cpl vmx smx est tm2 ssse3 cx16 xtpr pdcm pcid sse4_1 sse4_2 x2apic popcnt tsc_deadline_timer aes xsave avx lahf_lm ida arat epb pln pts dtherm tpr_shadow vnmi flexpriority ept vpid xsaveopt
bugs		:
bogomips	: 5384.95
clflush size	: 64
cache_alignment	: 64
address sizes	: 36 bits physical, 48 bits virtual
power management:

processor	: 3
vendor_id	: GenuineIntel
cpu family	: 6
model		: 42
model name	: Intel(R) Core(TM) i7-2620M CPU @ 2.70GHz
stepping	: 7
microcode	: 0x1a
cpu MHz		: 3199.921
cache size	: 4096 KB
physical id	: 0
siblings	: 4
core id		: 1
cpu cores	: 2
apicid		: 3
initial apicid	: 3
fpu		: yes
fpu_exception	: yes
cpuid level	: 13
wp		: yes
flags		: fpu vme de pse tsc msr pae mce cx8 apic sep mtrr pge mca cmov pat pse36 clflush dts acpi mmx fxsr sse sse2 ss ht tm pbe syscall nx rdtscp lm constant_tsc arch_perfmon pebs bts nopl xtopology nonstop_tsc aperfmperf eagerfpu pni pclmulqdq dtes64 monitor ds_cpl vmx smx est tm2 ssse3 cx16 xtpr pdcm pcid sse4_1 sse4_2 x2apic popcnt tsc_deadline_timer aes xsave avx lahf_lm ida arat epb pln pts dtherm tpr_shadow vnmi flexpriority ept vpid xsaveopt
bugs		:
bogomips	: 5384.95
clflush size	: 64
cache_alignment	: 64
address sizes	: 36 bits physical, 48 bits virtual
power management:



Memory: 4k page, physical 5995980k(204760k free), swap 0k(0k free)

vm_info: OpenJDK 64-Bit Server VM (24.91-b01) for linux-amd64 JRE (1.7.0_91-b02), built on Dec  6 2015 23:11:36 by "builduser" with gcc 5.3.0

time: Tue Feb 16 14:51:10 2016
elapsed time: 24 seconds

