#
# There is insufficient memory for the Java Runtime Environment to continue.
# Native memory allocation (malloc) failed to allocate 135266304 bytes for committing reserved memory.
# Possible reasons:
#   The system is out of physical RAM or swap space
#   In 32 bit mode, the process size limit was hit
# Possible solutions:
#   Reduce memory load on the system
#   Increase physical memory or swap space
#   Check if swap backing store is full
#   Use 64 bit Java on a 64 bit OS
#   Decrease Java heap size (-Xmx/-Xms)
#   Decrease number of Java threads
#   Decrease Java thread stack sizes (-Xss)
#   Set larger code cache with -XX:ReservedCodeCacheSize=
# This output file may be truncated or incomplete.
#
#  Out of Memory Error (os_linux.cpp:2827), pid=14878, tid=140737117824768
#
# JRE version: OpenJDK Runtime Environment (7.0_91-b02) (build 1.7.0_91-b02)
# Java VM: OpenJDK 64-Bit Server VM (24.91-b01 mixed mode linux-amd64 compressed oops)
# Derivative: IcedTea 2.6.3
# Distribution: Custom build (Sun Dec  6 22:58:56 AEST 2015)
# Failed to write core dump. Core dumps have been disabled. To enable core dumping, try "ulimit -c unlimited" before starting Java again
#

---------------  T H R E A D  ---------------

Current thread (0x00007ffff0074000):  VMThread [stack: 0x00007fffe9da2000,0x00007fffe9ea3000] [id=14917]

Stack: [0x00007fffe9da2000,0x00007fffe9ea3000],  sp=0x00007fffe9ea14f0,  free space=1021k
Native frames: (J=compiled Java code, j=interpreted, Vv=VM code, C=native code)
V  [libjvm.so+0x993f93]
V  [libjvm.so+0x48a62f]
V  [libjvm.so+0x800c8b]
V  [libjvm.so+0x7fb0fe]
V  [libjvm.so+0x87155b]
V  [libjvm.so+0x872ea3]
V  [libjvm.so+0x86f128]
V  [libjvm.so+0x86f40c]
V  [libjvm.so+0x8245b3]
V  [libjvm.so+0x995a32]
V  [libjvm.so+0x99a777]
V  [libjvm.so+0x998008]
V  [libjvm.so+0x99937f]
V  [libjvm.so+0x999871]
V  [libjvm.so+0x7fdbc2]

VM_Operation (0x00007fffbbb8bf30): ParallelGCFailedAllocation, mode: safepoint, requested by thread 0x00007ffff016f000


---------------  P R O C E S S  ---------------

Java Threads: ( => current thread )
  0x00007ffff0170800 JavaThread "pool-1-thread-4" [_thread_blocked, id=14962, stack(0x00007fffbb98c000,0x00007fffbba8d000)]
  0x00007ffff016f000 JavaThread "pool-1-thread-3" [_thread_blocked, id=14960, stack(0x00007fffbba8d000,0x00007fffbbb8e000)]
  0x00007ffff016e000 JavaThread "pool-1-thread-2" [_thread_blocked, id=14959, stack(0x00007fffbbb8e000,0x00007fffbbc8f000)]
  0x00007ffff016c800 JavaThread "pool-2-thread-1" [_thread_blocked, id=14952, stack(0x00007fffbbc8f000,0x00007fffbbd90000)]
  0x00007ffff016b000 JavaThread "pool-1-thread-1" [_thread_blocked, id=14948, stack(0x00007fffe8066000,0x00007fffe8167000)]
  0x00007ffff00ad000 JavaThread "Service Thread" daemon [_thread_blocked, id=14937, stack(0x00007fffe960e000,0x00007fffe970f000)]
  0x00007ffff00aa800 JavaThread "C2 CompilerThread1" daemon [_thread_blocked, id=14935, stack(0x00007fffe970f000,0x00007fffe9810000)]
  0x00007ffff00a8000 JavaThread "C2 CompilerThread0" daemon [_thread_in_native, id=14933, stack(0x00007fffe9810000,0x00007fffe9911000)]
  0x00007ffff00a5800 JavaThread "Signal Dispatcher" daemon [_thread_blocked, id=14932, stack(0x00007fffe9911000,0x00007fffe9a12000)]
  0x00007ffff007a800 JavaThread "Finalizer" daemon [_thread_blocked, id=14922, stack(0x00007fffe9ba0000,0x00007fffe9ca1000)]
  0x00007ffff0078800 JavaThread "Reference Handler" daemon [_thread_blocked, id=14919, stack(0x00007fffe9ca1000,0x00007fffe9da2000)]
  0x00007ffff0009000 JavaThread "main" [_thread_blocked, id=14891, stack(0x00007ffff7ebe000,0x00007ffff7fbf000)]

Other Threads:
=>0x00007ffff0074000 VMThread [stack: 0x00007fffe9da2000,0x00007fffe9ea3000] [id=14917]
  0x00007ffff00af800 WatcherThread [stack: 0x00007fffe950d000,0x00007fffe960e000] [id=14939]

VM state:at safepoint (normal execution)

VM Mutex/Monitor currently owned by a thread:  ([mutex/lock_event])
[0x00007ffff0006780] Threads_lock - owner thread: 0x00007ffff0074000
[0x00007ffff0006c80] Heap_lock - owner thread: 0x00007ffff016f000

Heap
 PSYoungGen      total 99840K, used 3578K [0x00000000eaa80000, 0x00000000f0f80000, 0x0000000100000000)
  eden space 96256K, 0% used [0x00000000eaa80000,0x00000000eaa80000,0x00000000f0880000)
  from space 3584K, 99% used [0x00000000f0880000,0x00000000f0bfe9e0,0x00000000f0c00000)
  to   space 3584K, 0% used [0x00000000f0c00000,0x00000000f0c00000,0x00000000f0f80000)
 ParOldGen       total 62464K, used 34220K [0x00000000c0000000, 0x00000000c3d00000, 0x00000000eaa80000)
  object space 62464K, 54% used [0x00000000c0000000,0x00000000c216b260,0x00000000c3d00000)
 PSPermGen       total 21504K, used 6306K [0x00000000b5a00000, 0x00000000b6f00000, 0x00000000c0000000)
  object space 21504K, 29% used [0x00000000b5a00000,0x00000000b6028ad0,0x00000000b6f00000)

Card table byte_map: [0x00007ffff4e7e000,0x00007ffff50d2000] byte_map_base: 0x00007ffff48d1000

Polling page: 0x00007ffff7ff6000

Code Cache  [0x00007fffed000000, 0x00007fffed270000, 0x00007ffff0000000)
 total_blobs=513 nmethods=282 adapters=184 free_code_cache=47776Kb largest_free_block=48845184

Compilation events (10 events):
Event: 38,959 Thread 0x00007ffff00aa800 nmethod 287 0x00007fffed120cd0 code [0x00007fffed120e20, 0x00007fffed120e88]
Event: 38,959 Thread 0x00007ffff00aa800  288             com.android.dx.rop.code.RopMethod::getBlocks (5 bytes)
Event: 38,959 Thread 0x00007ffff00aa800 nmethod 288 0x00007fffed120a90 code [0x00007fffed120bc0, 0x00007fffed120c18]
Event: 38,976 Thread 0x00007ffff00aa800  289             com.android.dx.ssa.SsaRenamer$BlockRenamer::updateSuccessorPhis (64 bytes)
Event: 39,044 Thread 0x00007ffff00aa800 nmethod 289 0x00007fffed11c310 code [0x00007fffed11c4a0, 0x00007fffed11c948]
Event: 39,044 Thread 0x00007ffff00aa800  290             java.util.Collections$UnmodifiableCollection$1::next (10 bytes)
Event: 39,075 Thread 0x00007ffff00aa800 nmethod 290 0x00007fffed0c3550 code [0x00007fffed0c36c0, 0x00007fffed0c3938]
Event: 39,075 Thread 0x00007ffff00aa800  291             com.android.dx.ssa.SsaMethod::getExitBlockIndex (5 bytes)
Event: 39,075 Thread 0x00007ffff00aa800 nmethod 291 0x00007fffed0823d0 code [0x00007fffed082500, 0x00007fffed082558]
Event: 39,075 Thread 0x00007ffff00aa800  292             com.android.dx.ssa.SsaConverter::edgeSplitSuccessors (98 bytes)

GC Heap History (9 events):
Event: 10,347 GC heap before
{Heap before GC invocations=1 (full 0):
 PSYoungGen      total 27648K, used 24064K [0x00000000eaa80000, 0x00000000ec900000, 0x0000000100000000)
  eden space 24064K, 100% used [0x00000000eaa80000,0x00000000ec200000,0x00000000ec200000)
  from space 3584K, 0% used [0x00000000ec580000,0x00000000ec580000,0x00000000ec900000)
  to   space 3584K, 0% used [0x00000000ec200000,0x00000000ec200000,0x00000000ec580000)
 ParOldGen       total 62464K, used 0K [0x00000000c0000000, 0x00000000c3d00000, 0x00000000eaa80000)
  object space 62464K, 0% used [0x00000000c0000000,0x00000000c0000000,0x00000000c3d00000)
 PSPermGen       total 21504K, used 5871K [0x00000000b5a00000, 0x00000000b6f00000, 0x00000000c0000000)
  object space 21504K, 27% used [0x00000000b5a00000,0x00000000b5fbbf10,0x00000000b6f00000)
Event: 15,297 GC heap after
Heap after GC invocations=1 (full 0):
 PSYoungGen      total 27648K, used 3567K [0x00000000eaa80000, 0x00000000ee080000, 0x0000000100000000)
  eden space 24064K, 0% used [0x00000000eaa80000,0x00000000eaa80000,0x00000000ec200000)
  from space 3584K, 99% used [0x00000000ec200000,0x00000000ec57bd80,0x00000000ec580000)
  to   space 3584K, 0% used [0x00000000edd00000,0x00000000edd00000,0x00000000ee080000)
 ParOldGen       total 62464K, used 8K [0x00000000c0000000, 0x00000000c3d00000, 0x00000000eaa80000)
  object space 62464K, 0% used [0x00000000c0000000,0x00000000c0002000,0x00000000c3d00000)
 PSPermGen       total 21504K, used 5871K [0x00000000b5a00000, 0x00000000b6f00000, 0x00000000c0000000)
  object space 21504K, 27% used [0x00000000b5a00000,0x00000000b5fbbf10,0x00000000b6f00000)
}
Event: 18,141 GC heap before
{Heap before GC invocations=2 (full 0):
 PSYoungGen      total 27648K, used 27631K [0x00000000eaa80000, 0x00000000ee080000, 0x0000000100000000)
  eden space 24064K, 100% used [0x00000000eaa80000,0x00000000ec200000,0x00000000ec200000)
  from space 3584K, 99% used [0x00000000ec200000,0x00000000ec57bd80,0x00000000ec580000)
  to   space 3584K, 0% used [0x00000000edd00000,0x00000000edd00000,0x00000000ee080000)
 ParOldGen       total 62464K, used 8K [0x00000000c0000000, 0x00000000c3d00000, 0x00000000eaa80000)
  object space 62464K, 0% used [0x00000000c0000000,0x00000000c0002000,0x00000000c3d00000)
 PSPermGen       total 21504K, used 6137K [0x00000000b5a00000, 0x00000000b6f00000, 0x00000000c0000000)
  object space 21504K, 28% used [0x00000000b5a00000,0x00000000b5ffe6a8,0x00000000b6f00000)
Event: 18,250 GC heap after
Heap after GC invocations=2 (full 0):
 PSYoungGen      total 51712K, used 3562K [0x00000000eaa80000, 0x00000000ee080000, 0x0000000100000000)
  eden space 48128K, 0% used [0x00000000eaa80000,0x00000000eaa80000,0x00000000ed980000)
  from space 3584K, 99% used [0x00000000edd00000,0x00000000ee07aa00,0x00000000ee080000)
  to   space 3584K, 0% used [0x00000000ed980000,0x00000000ed980000,0x00000000edd00000)
 ParOldGen       total 62464K, used 2650K [0x00000000c0000000, 0x00000000c3d00000, 0x00000000eaa80000)
  object space 62464K, 4% used [0x00000000c0000000,0x00000000c02969d0,0x00000000c3d00000)
 PSPermGen       total 21504K, used 6137K [0x00000000b5a00000, 0x00000000b6f00000, 0x00000000c0000000)
  object space 21504K, 28% used [0x00000000b5a00000,0x00000000b5ffe6a8,0x00000000b6f00000)
}
Event: 23,340 GC heap before
{Heap before GC invocations=3 (full 0):
 PSYoungGen      total 51712K, used 51690K [0x00000000eaa80000, 0x00000000ee080000, 0x0000000100000000)
  eden space 48128K, 100% used [0x00000000eaa80000,0x00000000ed980000,0x00000000ed980000)
  from space 3584K, 99% used [0x00000000edd00000,0x00000000ee07aa00,0x00000000ee080000)
  to   space 3584K, 0% used [0x00000000ed980000,0x00000000ed980000,0x00000000edd00000)
 ParOldGen       total 62464K, used 2650K [0x00000000c0000000, 0x00000000c3d00000, 0x00000000eaa80000)
  object space 62464K, 4% used [0x00000000c0000000,0x00000000c02969d0,0x00000000c3d00000)
 PSPermGen       total 21504K, used 6223K [0x00000000b5a00000, 0x00000000b6f00000, 0x00000000c0000000)
  object space 21504K, 28% used [0x00000000b5a00000,0x00000000b6013e28,0x00000000b6f00000)
Event: 23,409 GC heap after
Heap after GC invocations=3 (full 0):
 PSYoungGen      total 51712K, used 3563K [0x00000000eaa80000, 0x00000000f0f80000, 0x0000000100000000)
  eden space 48128K, 0% used [0x00000000eaa80000,0x00000000eaa80000,0x00000000ed980000)
  from space 3584K, 99% used [0x00000000ed980000,0x00000000edcfaf70,0x00000000edd00000)
  to   space 3584K, 0% used [0x00000000f0c00000,0x00000000f0c00000,0x00000000f0f80000)
 ParOldGen       total 62464K, used 10474K [0x00000000c0000000, 0x00000000c3d00000, 0x00000000eaa80000)
  object space 62464K, 16% used [0x00000000c0000000,0x00000000c0a3a830,0x00000000c3d00000)
 PSPermGen       total 21504K, used 6223K [0x00000000b5a00000, 0x00000000b6f00000, 0x00000000c0000000)
  object space 21504K, 28% used [0x00000000b5a00000,0x00000000b6013e28,0x00000000b6f00000)
}
Event: 31,531 GC heap before
{Heap before GC invocations=4 (full 0):
 PSYoungGen      total 51712K, used 51691K [0x00000000eaa80000, 0x00000000f0f80000, 0x0000000100000000)
  eden space 48128K, 100% used [0x00000000eaa80000,0x00000000ed980000,0x00000000ed980000)
  from space 3584K, 99% used [0x00000000ed980000,0x00000000edcfaf70,0x00000000edd00000)
  to   space 3584K, 0% used [0x00000000f0c00000,0x00000000f0c00000,0x00000000f0f80000)
 ParOldGen       total 62464K, used 10474K [0x00000000c0000000, 0x00000000c3d00000, 0x00000000eaa80000)
  object space 62464K, 16% used [0x00000000c0000000,0x00000000c0a3a830,0x00000000c3d00000)
 PSPermGen       total 21504K, used 6252K [0x00000000b5a00000, 0x00000000b6f00000, 0x00000000c0000000)
  object space 21504K, 29% used [0x00000000b5a00000,0x00000000b601b1e8,0x00000000b6f00000)
Event: 31,631 GC heap after
Heap after GC invocations=4 (full 0):
 PSYoungGen      total 99840K, used 3553K [0x00000000eaa80000, 0x00000000f0f80000, 0x0000000100000000)
  eden space 96256K, 0% used [0x00000000eaa80000,0x00000000eaa80000,0x00000000f0880000)
  from space 3584K, 99% used [0x00000000f0c00000,0x00000000f0f78518,0x00000000f0f80000)
  to   space 3584K, 0% used [0x00000000f0880000,0x00000000f0880000,0x00000000f0c00000)
 ParOldGen       total 62464K, used 18283K [0x00000000c0000000, 0x00000000c3d00000, 0x00000000eaa80000)
  object space 62464K, 29% used [0x00000000c0000000,0x00000000c11dade0,0x00000000c3d00000)
 PSPermGen       total 21504K, used 6252K [0x00000000b5a00000, 0x00000000b6f00000, 0x00000000c0000000)
  object space 21504K, 29% used [0x00000000b5a00000,0x00000000b601b1e8,0x00000000b6f00000)
}
Event: 39,142 GC heap before
{Heap before GC invocations=5 (full 0):
 PSYoungGen      total 99840K, used 99809K [0x00000000eaa80000, 0x00000000f0f80000, 0x0000000100000000)
  eden space 96256K, 100% used [0x00000000eaa80000,0x00000000f0880000,0x00000000f0880000)
  from space 3584K, 99% used [0x00000000f0c00000,0x00000000f0f78518,0x00000000f0f80000)
  to   space 3584K, 0% used [0x00000000f0880000,0x00000000f0880000,0x00000000f0c00000)
 ParOldGen       total 62464K, used 18283K [0x00000000c0000000, 0x00000000c3d00000, 0x00000000eaa80000)
  object space 62464K, 29% used [0x00000000c0000000,0x00000000c11dade0,0x00000000c3d00000)
 PSPermGen       total 21504K, used 6306K [0x00000000b5a00000, 0x00000000b6f00000, 0x00000000c0000000)
  object space 21504K, 29% used [0x00000000b5a00000,0x00000000b6028ad0,0x00000000b6f00000)

Deoptimization events (10 events):
Event: 21,008 Thread 0x00007ffff016f000 Uncommon trap: reason=unstable_if action=reinterpret pc=0x00007fffed08b2c8 method=com.android.dx.rop.code.RegisterSpec.equals(ILcom/android/dx/rop/type/TypeBearer;Lcom/android/dx/rop/code/LocalItem;)Z @ 42
Event: 21,506 Thread 0x00007ffff016f000 Uncommon trap: reason=class_check action=maybe_recompile pc=0x00007fffed0b2020 method=java.util.HashMap.put(Ljava/lang/Object;Ljava/lang/Object;)Ljava/lang/Object; @ 83
Event: 21,506 Thread 0x00007ffff016f000 Uncommon trap: reason=class_check action=maybe_recompile pc=0x00007fffed0b2020 method=java.util.HashMap.put(Ljava/lang/Object;Ljava/lang/Object;)Ljava/lang/Object; @ 83
Event: 21,506 Thread 0x00007ffff016f000 Uncommon trap: reason=class_check action=maybe_recompile pc=0x00007fffed0b2020 method=java.util.HashMap.put(Ljava/lang/Object;Ljava/lang/Object;)Ljava/lang/Object; @ 83
Event: 21,506 Thread 0x00007ffff016f000 Uncommon trap: reason=class_check action=maybe_recompile pc=0x00007fffed0b2020 method=java.util.HashMap.put(Ljava/lang/Object;Ljava/lang/Object;)Ljava/lang/Object; @ 83
Event: 21,687 Thread 0x00007ffff016e000 Uncommon trap: reason=null_check action=make_not_entrant pc=0x00007fffed0d1c18 method=com.android.dx.ssa.SsaRenamer.getLocalForNewReg(I)Lcom/android/dx/rop/code/LocalItem; @ 19
Event: 22,417 Thread 0x00007ffff016b000 Uncommon trap: reason=unstable_if action=reinterpret pc=0x00007fffed0df944 method=com.android.dx.ssa.SCCP.simulateBranch(Lcom/android/dx/ssa/SsaInsn;)V @ 64
Event: 30,147 Thread 0x00007ffff0170800 Uncommon trap: reason=unstable_if action=reinterpret pc=0x00007fffed0cdc74 method=com.android.dx.util.IntList.binarysearch(I)I @ 105
Event: 31,826 Thread 0x00007ffff016e000 Uncommon trap: reason=unstable_if action=reinterpret pc=0x00007fffed093274 method=com.android.dx.util.IntList.binarysearch(I)I @ 105
Event: 35,550 Thread 0x00007ffff016b000 Uncommon trap: reason=null_check action=make_not_entrant pc=0x00007fffed129388 method=com.android.dx.cf.code.Ropper$CatchInfo.getSetup(Lcom/android/dx/rop/type/Type;)Lcom/android/dx/cf/code/Ropper$ExceptionHandlerSetup; @ 10

Internal exceptions (10 events):
Event: 15,407 Thread 0x00007ffff016f000 Threw 0x00000000eabb0178 at /build/java7-openjdk/src/icedtea-2.6.3/openjdk/hotspot/src/share/vm/prims/jvm.cpp:1322
Event: 15,665 Thread 0x00007ffff0009000 Threw 0x00000000eac9e5b8 at /build/java7-openjdk/src/icedtea-2.6.3/openjdk/hotspot/src/share/vm/prims/jvm.cpp:1322
Event: 16,946 Thread 0x00007ffff016b000 Threw 0x00000000eb4b5230 at /build/java7-openjdk/src/icedtea-2.6.3/openjdk/hotspot/src/share/vm/prims/jvm.cpp:1322
Event: 19,807 Thread 0x00007ffff0009000 Implicit null exception at 0x00007fffed0c3d97 to 0x00007fffed0c447d
Event: 20,780 Thread 0x00007ffff0009000 Threw 0x00000000ebbc2a30 at /build/java7-openjdk/src/icedtea-2.6.3/openjdk/hotspot/src/share/vm/prims/jvm.cpp:1322
Event: 21,687 Thread 0x00007ffff016e000 Implicit null exception at 0x00007fffed0d02be to 0x00007fffed0d1bf5
Event: 22,438 Thread 0x00007ffff016b000 Threw 0x00000000ecf8c778 at /build/java7-openjdk/src/icedtea-2.6.3/openjdk/hotspot/src/share/vm/prims/jvm.cpp:1322
Event: 23,049 Thread 0x00007ffff0170800 Threw 0x00000000ed5be0d0 at /build/java7-openjdk/src/icedtea-2.6.3/openjdk/hotspot/src/share/vm/prims/jvm.cpp:1322
Event: 35,550 Thread 0x00007ffff016b000 Implicit null exception at 0x00007fffed12545d to 0x00007fffed129349
Event: 35,921 Thread 0x00007ffff0009000 Threw 0x00000000edfbeff8 at /build/java7-openjdk/src/icedtea-2.6.3/openjdk/hotspot/src/share/vm/prims/jvm.cpp:1322

Events (10 events):
Event: 35,550 Thread 0x00007ffff016b000 DEOPT PACKING pc=0x00007fffed129388 sp=0x00007fffe81652f0
Event: 35,551 Thread 0x00007ffff016b000 DEOPT UNPACKING pc=0x00007fffed039445 sp=0x00007fffe8165248 mode 2
Event: 35,707 Thread 0x00007ffff00aa800 flushing nmethod 0x00007fffed07c810
Event: 35,921 loading class 0x00007ffff00f9b50
Event: 35,921 loading class 0x00007ffff00f9b50 done
Event: 36,566 Thread 0x00007ffff00a8000 flushing nmethod 0x00007fffed0c3550
Event: 36,566 Thread 0x00007ffff00a8000 flushing nmethod 0x00007fffed0c5050
Event: 38,976 Thread 0x00007ffff00aa800 flushing nmethod 0x00007fffed0822d0
Event: 39,075 Thread 0x00007ffff00aa800 flushing nmethod 0x00007fffed08add0
Event: 39,108 Executing VM operation: ParallelGCFailedAllocation


Dynamic libraries:
00400000-00401000 r-xp 00000000 08:02 274804                             /usr/lib/jvm/java-7-openjdk/jre/bin/java
00600000-00601000 rw-p 00000000 08:02 274804                             /usr/lib/jvm/java-7-openjdk/jre/bin/java
00601000-00622000 rw-p 00000000 00:00 0                                  [heap]
b5a00000-b6f00000 rw-p 00000000 00:00 0 
b6f00000-c0000000 rw-p 00000000 00:00 0 
c0000000-c3d00000 rw-p 00000000 00:00 0 
c3d00000-eaa80000 rw-p 00000000 00:00 0 
eaa80000-f0f80000 rw-p 00000000 00:00 0 
f9080000-100000000 rw-p 00000000 00:00 0 
7fffa0000000-7fffa0021000 rw-p 00000000 00:00 0 
7fffa0021000-7fffa4000000 ---p 00000000 00:00 0 
7fffa4000000-7fffa4032000 rw-p 00000000 00:00 0 
7fffa4032000-7fffa8000000 ---p 00000000 00:00 0 
7fffa8000000-7fffa8021000 rw-p 00000000 00:00 0 
7fffa8021000-7fffac000000 ---p 00000000 00:00 0 
7fffac000000-7fffac021000 rw-p 00000000 00:00 0 
7fffac021000-7fffb0000000 ---p 00000000 00:00 0 
7fffb0000000-7fffb003f000 rw-p 00000000 00:00 0 
7fffb003f000-7fffb4000000 ---p 00000000 00:00 0 
7fffb4000000-7fffb4021000 rw-p 00000000 00:00 0 
7fffb4021000-7fffb8000000 ---p 00000000 00:00 0 
7fffbb98c000-7fffbb98f000 ---p 00000000 00:00 0 
7fffbb98f000-7fffbba8d000 rw-p 00000000 00:00 0                          [stack:14962]
7fffbba8d000-7fffbba90000 ---p 00000000 00:00 0 
7fffbba90000-7fffbbb8e000 rw-p 00000000 00:00 0                          [stack:14960]
7fffbbb8e000-7fffbbb91000 ---p 00000000 00:00 0 
7fffbbb91000-7fffbbc8f000 rw-p 00000000 00:00 0                          [stack:14959]
7fffbbc8f000-7fffbbc92000 ---p 00000000 00:00 0 
7fffbbc92000-7fffbbd90000 rw-p 00000000 00:00 0                          [stack:14952]
7fffbbd90000-7fffbbdff000 r-xp 00000000 08:02 1447759                    /usr/lib/libpcre.so.1.2.6
7fffbbdff000-7fffbbffe000 ---p 0006f000 08:02 1447759                    /usr/lib/libpcre.so.1.2.6
7fffbbffe000-7fffbbfff000 r--p 0006e000 08:02 1447759                    /usr/lib/libpcre.so.1.2.6
7fffbbfff000-7fffbc000000 rw-p 0006f000 08:02 1447759                    /usr/lib/libpcre.so.1.2.6
7fffbc000000-7fffbd750000 rw-p 00000000 00:00 0 
7fffbd750000-7fffc0000000 ---p 00000000 00:00 0 
7fffc0000000-7fffc0021000 rw-p 00000000 00:00 0 
7fffc0021000-7fffc4000000 ---p 00000000 00:00 0 
7fffc4000000-7fffc4021000 rw-p 00000000 00:00 0 
7fffc4021000-7fffc8000000 ---p 00000000 00:00 0 
7fffc8000000-7fffc994f000 rw-p 00000000 00:00 0 
7fffc994f000-7fffcc000000 ---p 00000000 00:00 0 
7fffcc000000-7fffcc021000 rw-p 00000000 00:00 0 
7fffcc021000-7fffd0000000 ---p 00000000 00:00 0 
7fffd0000000-7fffd0021000 rw-p 00000000 00:00 0 
7fffd0021000-7fffd4000000 ---p 00000000 00:00 0 
7fffd4000000-7fffd4021000 rw-p 00000000 00:00 0 
7fffd4021000-7fffd8000000 ---p 00000000 00:00 0 
7fffd8000000-7fffd8040000 rw-p 00000000 00:00 0 
7fffd8040000-7fffdc000000 ---p 00000000 00:00 0 
7fffdc000000-7fffdc021000 rw-p 00000000 00:00 0 
7fffdc021000-7fffe0000000 ---p 00000000 00:00 0 
7fffe0000000-7fffe0021000 rw-p 00000000 00:00 0 
7fffe0021000-7fffe4000000 ---p 00000000 00:00 0 
7fffe4000000-7fffe4021000 rw-p 00000000 00:00 0 
7fffe4021000-7fffe8000000 ---p 00000000 00:00 0 
7fffe8066000-7fffe8069000 ---p 00000000 00:00 0 
7fffe8069000-7fffe8198000 rw-p 00000000 00:00 0                          [stack:14948]
7fffe8198000-7fffe81a0000 r-xp 00000000 08:02 1449419                    /usr/lib/libffi.so.6.0.4
7fffe81a0000-7fffe839f000 ---p 00008000 08:02 1449419                    /usr/lib/libffi.so.6.0.4
7fffe839f000-7fffe83a0000 r--p 00007000 08:02 1449419                    /usr/lib/libffi.so.6.0.4
7fffe83a0000-7fffe83a1000 rw-p 00008000 08:02 1449419                    /usr/lib/libffi.so.6.0.4
7fffe83a1000-7fffe83b5000 r-xp 00000000 08:02 1439411                    /usr/lib/libresolv-2.22.so
7fffe83b5000-7fffe85b4000 ---p 00014000 08:02 1439411                    /usr/lib/libresolv-2.22.so
7fffe85b4000-7fffe85b5000 r--p 00013000 08:02 1439411                    /usr/lib/libresolv-2.22.so
7fffe85b5000-7fffe85b6000 rw-p 00014000 08:02 1439411                    /usr/lib/libresolv-2.22.so
7fffe85b6000-7fffe85b8000 rw-p 00000000 00:00 0 
7fffe85b8000-7fffe85bb000 r-xp 00000000 08:02 1449491                    /usr/lib/libgmodule-2.0.so.0.4600.2
7fffe85bb000-7fffe87ba000 ---p 00003000 08:02 1449491                    /usr/lib/libgmodule-2.0.so.0.4600.2
7fffe87ba000-7fffe87bb000 r--p 00002000 08:02 1449491                    /usr/lib/libgmodule-2.0.so.0.4600.2
7fffe87bb000-7fffe87bc000 rw-p 00003000 08:02 1449491                    /usr/lib/libgmodule-2.0.so.0.4600.2
7fffe87bc000-7fffe88c8000 r-xp 00000000 08:02 1449484                    /usr/lib/libglib-2.0.so.0.4600.2
7fffe88c8000-7fffe8ac7000 ---p 0010c000 08:02 1449484                    /usr/lib/libglib-2.0.so.0.4600.2
7fffe8ac7000-7fffe8ac8000 r--p 0010b000 08:02 1449484                    /usr/lib/libglib-2.0.so.0.4600.2
7fffe8ac8000-7fffe8ac9000 rw-p 0010c000 08:02 1449484                    /usr/lib/libglib-2.0.so.0.4600.2
7fffe8ac9000-7fffe8aca000 rw-p 00000000 00:00 0 
7fffe8aca000-7fffe8b1b000 r-xp 00000000 08:02 1449493                    /usr/lib/libgobject-2.0.so.0.4600.2
7fffe8b1b000-7fffe8d1a000 ---p 00051000 08:02 1449493                    /usr/lib/libgobject-2.0.so.0.4600.2
7fffe8d1a000-7fffe8d1b000 r--p 00050000 08:02 1449493                    /usr/lib/libgobject-2.0.so.0.4600.2
7fffe8d1b000-7fffe8d1c000 rw-p 00051000 08:02 1449493                    /usr/lib/libgobject-2.0.so.0.4600.2
7fffe8d1c000-7fffe8e94000 r-xp 00000000 08:02 1449494                    /usr/lib/libgio-2.0.so.0.4600.2
7fffe8e94000-7fffe9093000 ---p 00178000 08:02 1449494                    /usr/lib/libgio-2.0.so.0.4600.2
7fffe9093000-7fffe9097000 r--p 00177000 08:02 1449494                    /usr/lib/libgio-2.0.so.0.4600.2
7fffe9097000-7fffe9099000 rw-p 0017b000 08:02 1449494                    /usr/lib/libgio-2.0.so.0.4600.2
7fffe9099000-7fffe909b000 rw-p 00000000 00:00 0 
7fffe909f000-7fffe90cf000 r--p 00000000 08:02 1438244                    /usr/share/locale/ru/LC_MESSAGES/libc.mo
7fffe90cf000-7fffe90e6000 r-xp 00000000 08:02 274778                     /usr/lib/jvm/java-7-openjdk/jre/lib/amd64/libnet.so
7fffe90e6000-7fffe92e6000 ---p 00017000 08:02 274778                     /usr/lib/jvm/java-7-openjdk/jre/lib/amd64/libnet.so
7fffe92e6000-7fffe92e7000 rw-p 00017000 08:02 274778                     /usr/lib/jvm/java-7-openjdk/jre/lib/amd64/libnet.so
7fffe92e7000-7fffe92f7000 r-xp 00000000 08:02 274779                     /usr/lib/jvm/java-7-openjdk/jre/lib/amd64/libnio.so
7fffe92f7000-7fffe94f7000 ---p 00010000 08:02 274779                     /usr/lib/jvm/java-7-openjdk/jre/lib/amd64/libnio.so
7fffe94f7000-7fffe94f8000 rw-p 00010000 08:02 274779                     /usr/lib/jvm/java-7-openjdk/jre/lib/amd64/libnio.so
7fffe94f8000-7fffe950d000 r--s 000e5000 08:03 2153963                    /home/az/work/d01t/platforms/android/build/intermediates/exploded-aar/com.android.support/support-v4/23.1.1/jars/classes.jar
7fffe950d000-7fffe950e000 ---p 00000000 00:00 0 
7fffe950e000-7fffe960e000 rw-p 00000000 00:00 0                          [stack:14939]
7fffe960e000-7fffe9611000 ---p 00000000 00:00 0 
7fffe9611000-7fffe970f000 rw-p 00000000 00:00 0                          [stack:14937]
7fffe970f000-7fffe9712000 ---p 00000000 00:00 0 
7fffe9712000-7fffe9810000 rw-p 00000000 00:00 0                          [stack:14935]
7fffe9810000-7fffe9813000 ---p 00000000 00:00 0 
7fffe9813000-7fffe9911000 rw-p 00000000 00:00 0                          [stack:14933]
7fffe9911000-7fffe9914000 ---p 00000000 00:00 0 
7fffe9914000-7fffe9a12000 rw-p 00000000 00:00 0                          [stack:14932]
7fffe9a12000-7fffe9ba0000 r--p 00000000 08:02 1456408                    /usr/lib/locale/locale-archive
7fffe9ba0000-7fffe9ba3000 ---p 00000000 00:00 0 
7fffe9ba3000-7fffe9ca1000 rw-p 00000000 00:00 0                          [stack:14922]
7fffe9ca1000-7fffe9ca4000 ---p 00000000 00:00 0 
7fffe9ca4000-7fffe9da2000 rw-p 00000000 00:00 0                          [stack:14919]
7fffe9da2000-7fffe9da3000 ---p 00000000 00:00 0 
7fffe9da3000-7fffed000000 rw-p 00000000 00:00 0                          [stack:14917]
7fffed000000-7fffed270000 rwxp 00000000 00:00 0 
7fffed270000-7ffff0189000 rw-p 00000000 00:00 0 
7ffff0189000-7ffff4000000 ---p 00000000 00:00 0 
7ffff4003000-7ffff43d3000 rw-p 00000000 00:00 0 
7ffff43d3000-7ffff4585000 r--s 01d2e000 08:02 273449                     /usr/lib/jvm/java-7-openjdk/jre/lib/rt.jar
7ffff4585000-7ffff48d1000 rw-p 00000000 00:00 0 
7ffff48d1000-7ffff48d2000 ---p 00000000 00:00 0 
7ffff48d2000-7ffff49d2000 rw-p 00000000 00:00 0                          [stack:14906]
7ffff49d2000-7ffff49d3000 ---p 00000000 00:00 0 
7ffff49d3000-7ffff4ad3000 rw-p 00000000 00:00 0                          [stack:14904]
7ffff4ad3000-7ffff4ad4000 ---p 00000000 00:00 0 
7ffff4ad4000-7ffff4bd4000 rw-p 00000000 00:00 0                          [stack:14901]
7ffff4bd4000-7ffff4bd5000 ---p 00000000 00:00 0 
7ffff4bd5000-7ffff4ce0000 rw-p 00000000 00:00 0                          [stack:14899]
7ffff4ce0000-7ffff4d28000 rw-p 00000000 00:00 0 
7ffff4d28000-7ffff4d47000 rw-p 00000000 00:00 0 
7ffff4d47000-7ffff4e7e000 rw-p 00000000 00:00 0 
7ffff4e7e000-7ffff4e89000 rw-p 00000000 00:00 0 
7ffff4e89000-7ffff4ed1000 rw-p 00000000 00:00 0 
7ffff4ed1000-7ffff4ef0000 rw-p 00000000 00:00 0 
7ffff4ef0000-7ffff5026000 rw-p 00000000 00:00 0 
7ffff5026000-7ffff5059000 rw-p 00000000 00:00 0 
7ffff5059000-7ffff50d1000 rw-p 00000000 00:00 0 
7ffff50d1000-7ffff50d2000 rw-p 00000000 00:00 0 
7ffff50d2000-7ffff50da000 r-xp 00000000 08:02 274777                     /usr/lib/jvm/java-7-openjdk/jre/lib/amd64/libzip.so
7ffff50da000-7ffff52d9000 ---p 00008000 08:02 274777                     /usr/lib/jvm/java-7-openjdk/jre/lib/amd64/libzip.so
7ffff52d9000-7ffff52da000 rw-p 00007000 08:02 274777                     /usr/lib/jvm/java-7-openjdk/jre/lib/amd64/libzip.so
7ffff52da000-7ffff52e5000 r-xp 00000000 08:02 1439404                    /usr/lib/libnss_files-2.22.so
7ffff52e5000-7ffff54e4000 ---p 0000b000 08:02 1439404                    /usr/lib/libnss_files-2.22.so
7ffff54e4000-7ffff54e5000 r--p 0000a000 08:02 1439404                    /usr/lib/libnss_files-2.22.so
7ffff54e5000-7ffff54e6000 rw-p 0000b000 08:02 1439404                    /usr/lib/libnss_files-2.22.so
7ffff54e6000-7ffff54ec000 rw-p 00000000 00:00 0 
7ffff54ec000-7ffff5517000 r-xp 00000000 08:02 274776                     /usr/lib/jvm/java-7-openjdk/jre/lib/amd64/libjava.so
7ffff5517000-7ffff5717000 ---p 0002b000 08:02 274776                     /usr/lib/jvm/java-7-openjdk/jre/lib/amd64/libjava.so
7ffff5717000-7ffff5719000 rw-p 0002b000 08:02 274776                     /usr/lib/jvm/java-7-openjdk/jre/lib/amd64/libjava.so
7ffff5719000-7ffff5726000 r-xp 00000000 08:02 274775                     /usr/lib/jvm/java-7-openjdk/jre/lib/amd64/libverify.so
7ffff5726000-7ffff5925000 ---p 0000d000 08:02 274775                     /usr/lib/jvm/java-7-openjdk/jre/lib/amd64/libverify.so
7ffff5925000-7ffff5927000 rw-p 0000c000 08:02 274775                     /usr/lib/jvm/java-7-openjdk/jre/lib/amd64/libverify.so
7ffff5927000-7ffff592e000 r-xp 00000000 08:02 1439412                    /usr/lib/librt-2.22.so
7ffff592e000-7ffff5b2d000 ---p 00007000 08:02 1439412                    /usr/lib/librt-2.22.so
7ffff5b2d000-7ffff5b2e000 r--p 00006000 08:02 1439412                    /usr/lib/librt-2.22.so
7ffff5b2e000-7ffff5b2f000 rw-p 00007000 08:02 1439412                    /usr/lib/librt-2.22.so
7ffff5b2f000-7ffff5b45000 r-xp 00000000 08:02 1439682                    /usr/lib/libgcc_s.so.1
7ffff5b45000-7ffff5d44000 ---p 00016000 08:02 1439682                    /usr/lib/libgcc_s.so.1
7ffff5d44000-7ffff5d45000 rw-p 00015000 08:02 1439682                    /usr/lib/libgcc_s.so.1
7ffff5d45000-7ffff5e42000 r-xp 00000000 08:02 1439409                    /usr/lib/libm-2.22.so
7ffff5e42000-7ffff6041000 ---p 000fd000 08:02 1439409                    /usr/lib/libm-2.22.so
7ffff6041000-7ffff6042000 r--p 000fc000 08:02 1439409                    /usr/lib/libm-2.22.so
7ffff6042000-7ffff6043000 rw-p 000fd000 08:02 1439409                    /usr/lib/libm-2.22.so
7ffff6043000-7ffff61b5000 r-xp 00000000 08:02 1439719                    /usr/lib/libstdc++.so.6.0.21
7ffff61b5000-7ffff63b5000 ---p 00172000 08:02 1439719                    /usr/lib/libstdc++.so.6.0.21
7ffff63b5000-7ffff63bf000 r--p 00172000 08:02 1439719                    /usr/lib/libstdc++.so.6.0.21
7ffff63bf000-7ffff63c1000 rw-p 0017c000 08:02 1439719                    /usr/lib/libstdc++.so.6.0.21
7ffff63c1000-7ffff63c5000 rw-p 00000000 00:00 0 
7ffff63c5000-7ffff6f14000 r-xp 00000000 08:02 405053                     /usr/lib/jvm/java-7-openjdk/jre/lib/amd64/server/libjvm.so
7ffff6f14000-7ffff7114000 ---p 00b4f000 08:02 405053                     /usr/lib/jvm/java-7-openjdk/jre/lib/amd64/server/libjvm.so
7ffff7114000-7ffff71c8000 rw-p 00b4f000 08:02 405053                     /usr/lib/jvm/java-7-openjdk/jre/lib/amd64/server/libjvm.so
7ffff71c8000-7ffff71f3000 rw-p 00000000 00:00 0 
7ffff71f3000-7ffff7208000 r-xp 00000000 08:02 1442598                    /usr/lib/libz.so.1.2.8
7ffff7208000-7ffff7407000 ---p 00015000 08:02 1442598                    /usr/lib/libz.so.1.2.8
7ffff7407000-7ffff7408000 r--p 00014000 08:02 1442598                    /usr/lib/libz.so.1.2.8
7ffff7408000-7ffff7409000 rw-p 00015000 08:02 1442598                    /usr/lib/libz.so.1.2.8
7ffff7409000-7ffff75a4000 r-xp 00000000 08:02 1439359                    /usr/lib/libc-2.22.so
7ffff75a4000-7ffff77a3000 ---p 0019b000 08:02 1439359                    /usr/lib/libc-2.22.so
7ffff77a3000-7ffff77a7000 r--p 0019a000 08:02 1439359                    /usr/lib/libc-2.22.so
7ffff77a7000-7ffff77a9000 rw-p 0019e000 08:02 1439359                    /usr/lib/libc-2.22.so
7ffff77a9000-7ffff77ad000 rw-p 00000000 00:00 0 
7ffff77ad000-7ffff77b0000 r-xp 00000000 08:02 1439408                    /usr/lib/libdl-2.22.so
7ffff77b0000-7ffff79af000 ---p 00003000 08:02 1439408                    /usr/lib/libdl-2.22.so
7ffff79af000-7ffff79b0000 r--p 00002000 08:02 1439408                    /usr/lib/libdl-2.22.so
7ffff79b0000-7ffff79b1000 rw-p 00003000 08:02 1439408                    /usr/lib/libdl-2.22.so
7ffff79b1000-7ffff79be000 r-xp 00000000 08:02 405049                     /usr/lib/jvm/java-7-openjdk/jre/lib/amd64/jli/libjli.so
7ffff79be000-7ffff7bbd000 ---p 0000d000 08:02 405049                     /usr/lib/jvm/java-7-openjdk/jre/lib/amd64/jli/libjli.so
7ffff7bbd000-7ffff7bbe000 rw-p 0000c000 08:02 405049                     /usr/lib/jvm/java-7-openjdk/jre/lib/amd64/jli/libjli.so
7ffff7bbe000-7ffff7bd6000 r-xp 00000000 08:02 1439340                    /usr/lib/libpthread-2.22.so
7ffff7bd6000-7ffff7dd5000 ---p 00018000 08:02 1439340                    /usr/lib/libpthread-2.22.so
7ffff7dd5000-7ffff7dd6000 r--p 00017000 08:02 1439340                    /usr/lib/libpthread-2.22.so
7ffff7dd6000-7ffff7dd7000 rw-p 00018000 08:02 1439340                    /usr/lib/libpthread-2.22.so
7ffff7dd7000-7ffff7ddb000 rw-p 00000000 00:00 0 
7ffff7ddb000-7ffff7dfd000 r-xp 00000000 08:02 1439358                    /usr/lib/ld-2.22.so
7ffff7dfe000-7ffff7e08000 rw-p 00000000 00:00 0 
7ffff7e08000-7ffff7ebe000 rw-p 00000000 00:00 0 
7ffff7ebe000-7ffff7ec1000 ---p 00000000 00:00 0 
7ffff7ec1000-7ffff7fc3000 rw-p 00000000 00:00 0                          [stack:14891]
7ffff7fc5000-7ffff7fc6000 rw-p 00000000 00:00 0 
7ffff7fc6000-7ffff7fd5000 r--s 000df000 08:02 936581                     /opt/android-sdk/build-tools/23.0.2/lib/dx.jar
7ffff7fd5000-7ffff7fed000 rw-p 00000000 00:00 0 
7ffff7fed000-7ffff7ff5000 rw-s 00000000 00:21 9348509                    /tmp/hsperfdata_az/14878
7ffff7ff5000-7ffff7ff6000 rw-p 00000000 00:00 0 
7ffff7ff6000-7ffff7ff7000 ---p 00000000 00:00 0 
7ffff7ff7000-7ffff7ff8000 rw-p 00000000 00:00 0 
7ffff7ff8000-7ffff7ffa000 r--p 00000000 00:00 0                          [vvar]
7ffff7ffa000-7ffff7ffc000 r-xp 00000000 00:00 0                          [vdso]
7ffff7ffc000-7ffff7ffd000 r--p 00021000 08:02 1439358                    /usr/lib/ld-2.22.so
7ffff7ffd000-7ffff7ffe000 rw-p 00022000 08:02 1439358                    /usr/lib/ld-2.22.so
7ffff7ffe000-7ffff7fff000 rw-p 00000000 00:00 0 
7ffffffde000-7ffffffff000 rw-p 00000000 00:00 0                          [stack]
ffffffffff600000-ffffffffff601000 r-xp 00000000 00:00 0                  [vsyscall]

VM Arguments:
jvm_args: -Djava.awt.headless=true -Xmx1024M -Dfile.encoding=UTF-8 -Duser.country=RU -Duser.language=ru -Duser.variant 
java_command: com.android.dx.command.Main --dex --num-threads=4 --output /home/az/work/d01t/platforms/android/build/intermediates/pre-dexed/armv7/debug/com.android.support-support-v4-23.1.1_aee1f7daaedaa463cbe14f5bd9afdf8fcd21574b.jar /home/az/work/d01t/platforms/android/build/intermediates/exploded-aar/com.android.support/support-v4/23.1.1/jars/classes.jar
Launcher Type: SUN_STANDARD

Environment Variables:
JAVA_HOME=/usr/lib/jvm/java-7-openjdk
PATH=/home/az/.snow-site/current/bin:/home/az/.gem/ruby/2.3.0/bin:/usr/local/sbin:/usr/local/bin:/usr/bin:/opt/adobe-air-sdk/bin:/opt/android-sdk/platform-tools:/opt/android-sdk/tools:/usr/lib/jvm/default/bin:/usr/bin/site_perl:/usr/bin/vendor_perl:/usr/bin/core_perl:/home/az/bin:/home/az/.cabal/bin:/home/az/.cask/bin:/usr/bin/site_perl:/usr/bin/vendor_perl:/usr/bin/core_perl:/opt/android-sdk/tools:/opt/android-sdk/platform-tools
SHELL=/bin/zsh
DISPLAY=:0.0

Signal Handlers:
SIGSEGV: [libjvm.so+0x994af0], sa_mask[0]=0x7ffbfeff, sa_flags=0x10000004
SIGBUS: [libjvm.so+0x994af0], sa_mask[0]=0x7ffbfeff, sa_flags=0x10000004
SIGFPE: [libjvm.so+0x7fbf60], sa_mask[0]=0x7ffbfeff, sa_flags=0x10000004
SIGPIPE: [libjvm.so+0x7fbf60], sa_mask[0]=0x7ffbfeff, sa_flags=0x10000004
SIGXFSZ: [libjvm.so+0x7fbf60], sa_mask[0]=0x7ffbfeff, sa_flags=0x10000004
SIGILL: [libjvm.so+0x7fbf60], sa_mask[0]=0x7ffbfeff, sa_flags=0x10000004
SIGUSR1: SIG_DFL, sa_mask[0]=0x00000000, sa_flags=0x00000000
SIGUSR2: [libjvm.so+0x7fbde0], sa_mask[0]=0x00000004, sa_flags=0x10000004
SIGHUP: [libjvm.so+0x7fbf70], sa_mask[0]=0x7ffbfeff, sa_flags=0x10000004
SIGINT: [libjvm.so+0x7fbf70], sa_mask[0]=0x7ffbfeff, sa_flags=0x10000004
SIGTERM: [libjvm.so+0x7fbf70], sa_mask[0]=0x7ffbfeff, sa_flags=0x10000004
SIGQUIT: [libjvm.so+0x7fbf70], sa_mask[0]=0x7ffbfeff, sa_flags=0x10000004
SIGTRAP: SIG_DFL, sa_mask[0]=0x00000000, sa_flags=0x00000000


---------------  S Y S T E M  ---------------

OS:Linux
uname:Linux 4.3.3-2-ARCH #1 SMP PREEMPT Wed Dec 23 20:09:18 CET 2015 x86_64
libc:glibc 2.22 NPTL 2.22 
rlimit: STACK 8192k, CORE 0k, NPROC 23400, NOFILE 4096, AS infinity
load average:18,94 6,77 3,85

/proc/meminfo:
MemTotal:        5995980 kB
MemFree:           38380 kB
MemAvailable:      91660 kB
Buffers:            3392 kB
Cached:           440628 kB
SwapCached:            0 kB
Active:          5419928 kB
Inactive:         332388 kB
Active(anon):    5401248 kB
Inactive(anon):   311836 kB
Active(file):      18680 kB
Inactive(file):    20552 kB
Unevictable:           0 kB
Mlocked:               0 kB
SwapTotal:             0 kB
SwapFree:              0 kB
Dirty:               236 kB
Writeback:           148 kB
AnonPages:       5309336 kB
Mapped:           240884 kB
Shmem:            403844 kB
Slab:              84932 kB
SReclaimable:      50420 kB
SUnreclaim:        34512 kB
KernelStack:       10640 kB
PageTables:        41632 kB
NFS_Unstable:          0 kB
Bounce:                0 kB
WritebackTmp:          0 kB
CommitLimit:     2997988 kB
Committed_AS:   10414284 kB
VmallocTotal:   34359738367 kB
VmallocUsed:      376568 kB
VmallocChunk:   34358947836 kB
HardwareCorrupted:     0 kB
AnonHugePages:    882688 kB
HugePages_Total:       0
HugePages_Free:        0
HugePages_Rsvd:        0
HugePages_Surp:        0
Hugepagesize:       2048 kB
DirectMap4k:      167552 kB
DirectMap2M:     6004736 kB


CPU:total 4 (2 cores per cpu, 2 threads per core) family 6 model 42 stepping 7, cmov, cx8, fxsr, mmx, sse, sse2, sse3, ssse3, sse4.1, sse4.2, popcnt, avx, aes, ht, tsc, tscinvbit

/proc/cpuinfo:
processor	: 0
vendor_id	: GenuineIntel
cpu family	: 6
model		: 42
model name	: Intel(R) Core(TM) i7-2620M CPU @ 2.70GHz
stepping	: 7
microcode	: 0x1a
cpu MHz		: 3199.921
cache size	: 4096 KB
physical id	: 0
siblings	: 4
core id		: 0
cpu cores	: 2
apicid		: 0
initial apicid	: 0
fpu		: yes
fpu_exception	: yes
cpuid level	: 13
wp		: yes
flags		: fpu vme de pse tsc msr pae mce cx8 apic sep mtrr pge mca cmov pat pse36 clflush dts acpi mmx fxsr sse sse2 ss ht tm pbe syscall nx rdtscp lm constant_tsc arch_perfmon pebs bts nopl xtopology nonstop_tsc aperfmperf eagerfpu pni pclmulqdq dtes64 monitor ds_cpl vmx smx est tm2 ssse3 cx16 xtpr pdcm pcid sse4_1 sse4_2 x2apic popcnt tsc_deadline_timer aes xsave avx lahf_lm ida arat epb pln pts dtherm tpr_shadow vnmi flexpriority ept vpid xsaveopt
bugs		:
bogomips	: 5384.95
clflush size	: 64
cache_alignment	: 64
address sizes	: 36 bits physical, 48 bits virtual
power management:

processor	: 1
vendor_id	: GenuineIntel
cpu family	: 6
model		: 42
model name	: Intel(R) Core(TM) i7-2620M CPU @ 2.70GHz
stepping	: 7
microcode	: 0x1a
cpu MHz		: 3199.921
cache size	: 4096 KB
physical id	: 0
siblings	: 4
core id		: 0
cpu cores	: 2
apicid		: 1
initial apicid	: 1
fpu		: yes
fpu_exception	: yes
cpuid level	: 13
wp		: yes
flags		: fpu vme de pse tsc msr pae mce cx8 apic sep mtrr pge mca cmov pat pse36 clflush dts acpi mmx fxsr sse sse2 ss ht tm pbe syscall nx rdtscp lm constant_tsc arch_perfmon pebs bts nopl xtopology nonstop_tsc aperfmperf eagerfpu pni pclmulqdq dtes64 monitor ds_cpl vmx smx est tm2 ssse3 cx16 xtpr pdcm pcid sse4_1 sse4_2 x2apic popcnt tsc_deadline_timer aes xsave avx lahf_lm ida arat epb pln pts dtherm tpr_shadow vnmi flexpriority ept vpid xsaveopt
bugs		:
bogomips	: 5384.95
clflush size	: 64
cache_alignment	: 64
address sizes	: 36 bits physical, 48 bits virtual
power management:

processor	: 2
vendor_id	: GenuineIntel
cpu family	: 6
model		: 42
model name	: Intel(R) Core(TM) i7-2620M CPU @ 2.70GHz
stepping	: 7
microcode	: 0x1a
cpu MHz		: 3199.921
cache size	: 4096 KB
physical id	: 0
siblings	: 4
core id		: 1
cpu cores	: 2
apicid		: 2
initial apicid	: 2
fpu		: yes
fpu_exception	: yes
cpuid level	: 13
wp		: yes
flags		: fpu vme de pse tsc msr pae mce cx8 apic sep mtrr pge mca cmov pat pse36 clflush dts acpi mmx fxsr sse sse2 ss ht tm pbe syscall nx rdtscp lm constant_tsc arch_perfmon pebs bts nopl xtopology nonstop_tsc aperfmperf eagerfpu pni pclmulqdq dtes64 monitor ds_cpl vmx smx est tm2 ssse3 cx16 xtpr pdcm pcid sse4_1 sse4_2 x2apic popcnt tsc_deadline_timer aes xsave avx lahf_lm ida arat epb pln pts dtherm tpr_shadow vnmi flexpriority ept vpid xsaveopt
bugs		:
bogomips	: 5384.95
clflush size	: 64
cache_alignment	: 64
address sizes	: 36 bits physical, 48 bits virtual
power management:

processor	: 3
vendor_id	: GenuineIntel
cpu family	: 6
model		: 42
model name	: Intel(R) Core(TM) i7-2620M CPU @ 2.70GHz
stepping	: 7
microcode	: 0x1a
cpu MHz		: 3199.921
cache size	: 4096 KB
physical id	: 0
siblings	: 4
core id		: 1
cpu cores	: 2
apicid		: 3
initial apicid	: 3
fpu		: yes
fpu_exception	: yes
cpuid level	: 13
wp		: yes
flags		: fpu vme de pse tsc msr pae mce cx8 apic sep mtrr pge mca cmov pat pse36 clflush dts acpi mmx fxsr sse sse2 ss ht tm pbe syscall nx rdtscp lm constant_tsc arch_perfmon pebs bts nopl xtopology nonstop_tsc aperfmperf eagerfpu pni pclmulqdq dtes64 monitor ds_cpl vmx smx est tm2 ssse3 cx16 xtpr pdcm pcid sse4_1 sse4_2 x2apic popcnt tsc_deadline_timer aes xsave avx lahf_lm ida arat epb pln pts dtherm tpr_shadow vnmi flexpriority ept vpid xsaveopt
bugs		:
bogomips	: 5384.95
clflush size	: 64
cache_alignment	: 64
address sizes	: 36 bits physical, 48 bits virtual
power management:



Memory: 4k page, physical 5995980k(38380k free), swap 0k(0k free)

vm_info: OpenJDK 64-Bit Server VM (24.91-b01) for linux-amd64 JRE (1.7.0_91-b02), built on Dec  6 2015 23:11:36 by "builduser" with gcc 5.3.0

time: Tue Feb 16 14:13:04 2016
elapsed time: 39 seconds

